qcotdel0 = (0.2457002457002456785595257,0)
p1x = (-0.942477796076937934799389,0)	p1y = (-0.3141592653589793115997963,0)	p1z = (0,0)
k1x = (-0.942477796076937934799389,0)	k1y = (-0.3141592653589793115997963,0)	k1z = (0,0)
spec_k = (0.9934588265796100436944016,0)	spec_p = (0.9934588265796100436944016,0)
total_P = (0,0)
sig_p = (0.2035429877050614067002243,-0)	cutoff = (0,0)	omega_p = (1.409595842824792111258603,0)
condition delta = 0
cutoff times constant = (-0,-0)
sum = (-152.4594342625248657441261,0)
analytical res = (13.04183474385140151241558,-0)

i = 0	nsq = 10	spec_p = (0.9934588265796100436944016,0)	sig_p = (0.2035429877050614067002243,-0)	F2 = (0,0)
p1x = (-0.942477796076937934799389,0)	p1y = (0,0)	p1z = (-0.3141592653589793115997963,0)
k1x = (-0.942477796076937934799389,0)	k1y = (0,0)	k1z = (-0.3141592653589793115997963,0)
spec_k = (0.9934588265796100436944016,0)	spec_p = (0.9934588265796100436944016,0)
total_P = (0,0)
sig_p = (0.2035429877050614067002243,-0)	cutoff = (0,0)	omega_p = (1.409595842824792111258603,0)
condition delta = 0
cutoff times constant = (-0,-0)
sum = (-152.459434262524922587545,0)
analytical res = (13.04183474385140151241558,-0)

i = 1	nsq = 10	spec_p = (0.9934588265796100436944016,0)	sig_p = (0.2035429877050614067002243,-0)	F2 = (0,0)
p1x = (-0.942477796076937934799389,0)	p1y = (0,0)	p1z = (0,0)
k1x = (-0.942477796076937934799389,0)	k1y = (0,0)	k1z = (0,0)
spec_k = (0.942477796076937934799389,0)	spec_p = (0.942477796076937934799389,0)
total_P = (0,0)
sig_p = (0.2261270802409157676393647,-0)	cutoff = (0,0)	omega_p = (1.374141330467154809014119,0)
condition delta = 0
cutoff times constant = (-0,-0)
sum = (0.4875921938958354684423568,0)
analytical res = (25.05083206588410149606716,-0)

i = 2	nsq = 9	spec_p = (0.942477796076937934799389,0)	sig_p = (0.2261270802409157676393647,-0)	F2 = (0,0)
p1x = (-0.942477796076937934799389,0)	p1y = (0,0)	p1z = (0.3141592653589793115997963,0)
k1x = (-0.942477796076937934799389,0)	k1y = (0,0)	k1z = (0.3141592653589793115997963,0)
spec_k = (0.9934588265796100436944016,0)	spec_p = (0.9934588265796100436944016,0)
total_P = (0,0)
sig_p = (0.2035429877050614067002243,-0)	cutoff = (0,0)	omega_p = (1.409595842824792111258603,0)
condition delta = 0
cutoff times constant = (-0,-0)
sum = (-152.4594342625249510092544,0)
analytical res = (13.04183474385140151241558,-0)

i = 3	nsq = 10	spec_p = (0.9934588265796100436944016,0)	sig_p = (0.2035429877050614067002243,-0)	F2 = (0,0)
p1x = (-0.942477796076937934799389,0)	p1y = (0.3141592653589793115997963,0)	p1z = (0,0)
k1x = (-0.942477796076937934799389,0)	k1y = (0.3141592653589793115997963,0)	k1z = (0,0)
spec_k = (0.9934588265796100436944016,0)	spec_p = (0.9934588265796100436944016,0)
total_P = (0,0)
sig_p = (0.2035429877050614067002243,-0)	cutoff = (0,0)	omega_p = (1.409595842824792111258603,0)
condition delta = 0
cutoff times constant = (-0,-0)
sum = (-152.4594342625248657441261,0)
analytical res = (13.04183474385140151241558,-0)

i = 4	nsq = 10	spec_p = (0.9934588265796100436944016,0)	sig_p = (0.2035429877050614067002243,-0)	F2 = (0,0)
p1x = (-0.6283185307179586231995927,0)	p1y = (-0.6283185307179586231995927,0)	p1z = (-0.3141592653589793115997963,0)
k1x = (-0.6283185307179586231995927,0)	k1y = (-0.6283185307179586231995927,0)	k1z = (-0.3141592653589793115997963,0)
spec_k = (0.942477796076937934799389,-0)	spec_p = (0.942477796076937934799389,-0)
total_P = (0,0)
sig_p = (0.2261270802409157676393647,-0)	cutoff = (0,0)	omega_p = (1.374141330467154809014119,-0)
condition delta = 0
cutoff times constant = (-0,-0)
sum = (-82.44800098979293068168772,0)
analytical res = (25.05083206588410149606716,-0)

i = 5	nsq = 9	spec_p = (0.942477796076937934799389,-0)	sig_p = (0.2261270802409157676393647,-0)	F2 = (0,0)
p1x = (-0.6283185307179586231995927,0)	p1y = (-0.6283185307179586231995927,0)	p1z = (0,0)
k1x = (-0.6283185307179586231995927,0)	k1y = (-0.6283185307179586231995927,0)	k1z = (0,0)
spec_k = (0.8885765876316732425621581,0)	spec_p = (0.8885765876316732425621581,0)
total_P = (0,0)
sig_p = (0.2493095121306658779047893,-0)	cutoff = (0,0)	omega_p = (1.337747491900900032035793,0)
condition delta = 0
cutoff times constant = (-0,-0)
sum = (52.63774504993094183191715,0)
analytical res = (31.92423121731886226370989,-0)

i = 6	nsq = 8	spec_p = (0.8885765876316732425621581,0)	sig_p = (0.2493095121306658779047893,-0)	F2 = (0,0)
p1x = (-0.6283185307179586231995927,0)	p1y = (-0.6283185307179586231995927,0)	p1z = (0.3141592653589793115997963,0)
k1x = (-0.6283185307179586231995927,0)	k1y = (-0.6283185307179586231995927,0)	k1z = (0.3141592653589793115997963,0)
spec_k = (0.942477796076937934799389,0)	spec_p = (0.942477796076937934799389,0)
total_P = (0,0)
sig_p = (0.2261270802409157676393647,-0)	cutoff = (0,0)	omega_p = (1.374141330467154809014119,0)
condition delta = 0
cutoff times constant = (-0,-0)
sum = (-82.44800098979293068168772,0)
analytical res = (25.05083206588410149606716,-0)

i = 7	nsq = 9	spec_p = (0.942477796076937934799389,0)	sig_p = (0.2261270802409157676393647,-0)	F2 = (0,0)
p1x = (-0.6283185307179586231995927,0)	p1y = (-0.3141592653589793115997963,0)	p1z = (-0.6283185307179586231995927,0)
k1x = (-0.6283185307179586231995927,0)	k1y = (-0.3141592653589793115997963,0)	k1z = (-0.6283185307179586231995927,0)
spec_k = (0.942477796076937934799389,-0)	spec_p = (0.942477796076937934799389,-0)
total_P = (0,0)
sig_p = (0.2261270802409157676393647,-0)	cutoff = (0,0)	omega_p = (1.374141330467154809014119,-0)
condition delta = 0
cutoff times constant = (-0,-0)
sum = (-82.44800098979291647083301,0)
analytical res = (25.05083206588410149606716,-0)

i = 8	nsq = 9	spec_p = (0.942477796076937934799389,-0)	sig_p = (0.2261270802409157676393647,-0)	F2 = (0,0)
p1x = (-0.6283185307179586231995927,0)	p1y = (-0.3141592653589793115997963,0)	p1z = (-0.3141592653589793115997963,0)
k1x = (-0.6283185307179586231995927,0)	k1y = (-0.3141592653589793115997963,0)	k1z = (-0.3141592653589793115997963,0)
spec_k = (0.769529898097118469912914,-0)	spec_p = (0.769529898097118469912914,-0)
total_P = (0,0)
sig_p = (0.2976777941538739646887279,-0)	cutoff = (0,0)	omega_p = (1.261814671045380364944322,-0)
condition delta = 0
cutoff times constant = (-0,-0)
sum = (-6.985394748861699198982933,0)
analytical res = (37.3555210110190358818727,-0)

i = 9	nsq = 6	spec_p = (0.769529898097118469912914,-0)	sig_p = (0.2976777941538739646887279,-0)	F2 = (0,0)
p1x = (-0.6283185307179586231995927,0)	p1y = (-0.3141592653589793115997963,0)	p1z = (0,0)
k1x = (-0.6283185307179586231995927,0)	k1y = (-0.3141592653589793115997963,0)	k1z = (0,0)
spec_k = (0.7024814731040726067945457,0)	spec_p = (0.7024814731040726067945457,0)
total_P = (0,0)
sig_p = (0.3229881148638811261264436,-0)	cutoff = (0,0)	omega_p = (1.222080283800728084386833,0)
condition delta = 0
cutoff times constant = (-0,-0)
sum = (-4.758368655025051019435978,0)
analytical res = (37.70897643971546386865157,-0)

i = 10	nsq = 5	spec_p = (0.7024814731040726067945457,0)	sig_p = (0.3229881148638811261264436,-0)	F2 = (0,0)
p1x = (-0.6283185307179586231995927,0)	p1y = (-0.3141592653589793115997963,0)	p1z = (0.3141592653589793115997963,0)
k1x = (-0.6283185307179586231995927,0)	k1y = (-0.3141592653589793115997963,0)	k1z = (0.3141592653589793115997963,0)
spec_k = (0.769529898097118469912914,0)	spec_p = (0.769529898097118469912914,0)
total_P = (0,0)
sig_p = (0.2976777941538739646887279,-0)	cutoff = (0,0)	omega_p = (1.261814671045380364944322,0)
condition delta = 0
cutoff times constant = (-0,-0)
sum = (-6.985394748861697422626094,0)
analytical res = (37.3555210110190358818727,-0)

i = 11	nsq = 6	spec_p = (0.769529898097118469912914,0)	sig_p = (0.2976777941538739646887279,-0)	F2 = (0,0)
p1x = (-0.6283185307179586231995927,0)	p1y = (-0.3141592653589793115997963,0)	p1z = (0.6283185307179586231995927,0)
k1x = (-0.6283185307179586231995927,0)	k1y = (-0.3141592653589793115997963,0)	k1z = (0.6283185307179586231995927,0)
spec_k = (0.942477796076937934799389,0)	spec_p = (0.942477796076937934799389,0)
total_P = (0,0)
sig_p = (0.2261270802409157676393647,-0)	cutoff = (0,0)	omega_p = (1.374141330467154809014119,0)
condition delta = 0
cutoff times constant = (-0,-0)
sum = (-82.44800098979293068168772,0)
analytical res = (25.05083206588410149606716,-0)

i = 12	nsq = 9	spec_p = (0.942477796076937934799389,0)	sig_p = (0.2261270802409157676393647,-0)	F2 = (0,0)
p1x = (-0.6283185307179586231995927,0)	p1y = (0,0)	p1z = (-0.6283185307179586231995927,0)
k1x = (-0.6283185307179586231995927,0)	k1y = (0,0)	k1z = (-0.6283185307179586231995927,0)
spec_k = (0.8885765876316732425621581,0)	spec_p = (0.8885765876316732425621581,0)
total_P = (0,0)
sig_p = (0.2493095121306658779047893,-0)	cutoff = (0,0)	omega_p = (1.337747491900900032035793,0)
condition delta = 0
cutoff times constant = (-0,-0)
sum = (52.63774504993091341020772,0)
analytical res = (31.92423121731886226370989,-0)

i = 13	nsq = 8	spec_p = (0.8885765876316732425621581,0)	sig_p = (0.2493095121306658779047893,-0)	F2 = (0,0)
p1x = (-0.6283185307179586231995927,0)	p1y = (0,0)	p1z = (-0.3141592653589793115997963,0)
k1x = (-0.6283185307179586231995927,0)	k1y = (0,0)	k1z = (-0.3141592653589793115997963,0)
spec_k = (0.7024814731040726067945457,0)	spec_p = (0.7024814731040726067945457,0)
total_P = (0,0)
sig_p = (0.3229881148638811261264436,-0)	cutoff = (0,0)	omega_p = (1.222080283800728084386833,0)
condition delta = 0
cutoff times constant = (-0,-0)
sum = (-4.758368655025051907614397,0)
analytical res = (37.70897643971546386865157,-0)

i = 14	nsq = 5	spec_p = (0.7024814731040726067945457,0)	sig_p = (0.3229881148638811261264436,-0)	F2 = (0,0)
p1x = (-0.6283185307179586231995927,0)	p1y = (0,0)	p1z = (0,0)
k1x = (-0.6283185307179586231995927,0)	k1y = (0,0)	k1z = (0,0)
spec_k = (0.6283185307179586231995927,0)	spec_p = (0.6283185307179586231995927,0)
total_P = (0,0)
sig_p = (0.3491495051617087286288665,-0)	cutoff = (0,0)	omega_p = (1.181009812001396763747607,0)
condition delta = 0
cutoff times constant = (-0,-0)
sum = (-3.454085527263648813800501,0)
analytical res = (37.13359193683803738395,-0)

i = 15	nsq = 4	spec_p = (0.6283185307179586231995927,0)	sig_p = (0.3491495051617087286288665,-0)	F2 = (0,0)
p1x = (-0.6283185307179586231995927,0)	p1y = (0,0)	p1z = (0.3141592653589793115997963,0)
k1x = (-0.6283185307179586231995927,0)	k1y = (0,0)	k1z = (0.3141592653589793115997963,0)
spec_k = (0.7024814731040726067945457,0)	spec_p = (0.7024814731040726067945457,0)
total_P = (0,0)
sig_p = (0.3229881148638811261264436,-0)	cutoff = (0,0)	omega_p = (1.222080283800728084386833,0)
condition delta = 0
cutoff times constant = (-0,-0)
sum = (-4.758368655025051019435978,0)
analytical res = (37.70897643971546386865157,-0)

i = 16	nsq = 5	spec_p = (0.7024814731040726067945457,0)	sig_p = (0.3229881148638811261264436,-0)	F2 = (0,0)
p1x = (-0.6283185307179586231995927,0)	p1y = (0,0)	p1z = (0.6283185307179586231995927,0)
k1x = (-0.6283185307179586231995927,0)	k1y = (0,0)	k1z = (0.6283185307179586231995927,0)
spec_k = (0.8885765876316732425621581,0)	spec_p = (0.8885765876316732425621581,0)
total_P = (0,0)
sig_p = (0.2493095121306658779047893,-0)	cutoff = (0,0)	omega_p = (1.337747491900900032035793,0)
condition delta = 0
cutoff times constant = (-0,-0)
sum = (52.63774504993089919935301,0)
analytical res = (31.92423121731886226370989,-0)

i = 17	nsq = 8	spec_p = (0.8885765876316732425621581,0)	sig_p = (0.2493095121306658779047893,-0)	F2 = (0,0)
p1x = (-0.6283185307179586231995927,0)	p1y = (0.3141592653589793115997963,0)	p1z = (-0.6283185307179586231995927,0)
k1x = (-0.6283185307179586231995927,0)	k1y = (0.3141592653589793115997963,0)	k1z = (-0.6283185307179586231995927,0)
spec_k = (0.942477796076937934799389,0)	spec_p = (0.942477796076937934799389,0)
total_P = (0,0)
sig_p = (0.2261270802409157676393647,-0)	cutoff = (0,0)	omega_p = (1.374141330467154809014119,0)
condition delta = 0
cutoff times constant = (-0,-0)
sum = (-82.44800098979288804912358,0)
analytical res = (25.05083206588410149606716,-0)

i = 18	nsq = 9	spec_p = (0.942477796076937934799389,0)	sig_p = (0.2261270802409157676393647,-0)	F2 = (0,0)
p1x = (-0.6283185307179586231995927,0)	p1y = (0.3141592653589793115997963,0)	p1z = (-0.3141592653589793115997963,0)
k1x = (-0.6283185307179586231995927,0)	k1y = (0.3141592653589793115997963,0)	k1z = (-0.3141592653589793115997963,0)
spec_k = (0.769529898097118469912914,0)	spec_p = (0.769529898097118469912914,0)
total_P = (0,0)
sig_p = (0.2976777941538739646887279,-0)	cutoff = (0,0)	omega_p = (1.261814671045380364944322,0)
condition delta = 0
cutoff times constant = (-0,-0)
sum = (-6.985394748861699198982933,0)
analytical res = (37.3555210110190358818727,-0)

i = 19	nsq = 6	spec_p = (0.769529898097118469912914,0)	sig_p = (0.2976777941538739646887279,-0)	F2 = (0,0)
p1x = (-0.6283185307179586231995927,0)	p1y = (0.3141592653589793115997963,0)	p1z = (0,0)
k1x = (-0.6283185307179586231995927,0)	k1y = (0.3141592653589793115997963,0)	k1z = (0,0)
spec_k = (0.7024814731040726067945457,0)	spec_p = (0.7024814731040726067945457,0)
total_P = (0,0)
sig_p = (0.3229881148638811261264436,-0)	cutoff = (0,0)	omega_p = (1.222080283800728084386833,0)
condition delta = 0
cutoff times constant = (-0,-0)
sum = (-4.758368655025050131257558,0)
analytical res = (37.70897643971546386865157,-0)

i = 20	nsq = 5	spec_p = (0.7024814731040726067945457,0)	sig_p = (0.3229881148638811261264436,-0)	F2 = (0,0)
p1x = (-0.6283185307179586231995927,0)	p1y = (0.3141592653589793115997963,0)	p1z = (0.3141592653589793115997963,0)
k1x = (-0.6283185307179586231995927,0)	k1y = (0.3141592653589793115997963,0)	k1z = (0.3141592653589793115997963,0)
spec_k = (0.769529898097118469912914,0)	spec_p = (0.769529898097118469912914,0)
total_P = (0,0)
sig_p = (0.2976777941538739646887279,-0)	cutoff = (0,0)	omega_p = (1.261814671045380364944322,0)
condition delta = 0
cutoff times constant = (-0,-0)
sum = (-6.985394748861700087161353,0)
analytical res = (37.3555210110190358818727,-0)

i = 21	nsq = 6	spec_p = (0.769529898097118469912914,0)	sig_p = (0.2976777941538739646887279,-0)	F2 = (0,0)
p1x = (-0.6283185307179586231995927,0)	p1y = (0.3141592653589793115997963,0)	p1z = (0.6283185307179586231995927,0)
k1x = (-0.6283185307179586231995927,0)	k1y = (0.3141592653589793115997963,0)	k1z = (0.6283185307179586231995927,0)
spec_k = (0.942477796076937934799389,0)	spec_p = (0.942477796076937934799389,0)
total_P = (0,0)
sig_p = (0.2261270802409157676393647,-0)	cutoff = (0,0)	omega_p = (1.374141330467154809014119,0)
condition delta = 0
cutoff times constant = (-0,-0)
sum = (-82.44800098979290225997829,0)
analytical res = (25.05083206588410149606716,-0)

i = 22	nsq = 9	spec_p = (0.942477796076937934799389,0)	sig_p = (0.2261270802409157676393647,-0)	F2 = (0,0)
p1x = (-0.6283185307179586231995927,0)	p1y = (0.6283185307179586231995927,0)	p1z = (-0.3141592653589793115997963,0)
k1x = (-0.6283185307179586231995927,0)	k1y = (0.6283185307179586231995927,0)	k1z = (-0.3141592653589793115997963,0)
spec_k = (0.942477796076937934799389,0)	spec_p = (0.942477796076937934799389,0)
total_P = (0,0)
sig_p = (0.2261270802409157676393647,-0)	cutoff = (0,0)	omega_p = (1.374141330467154809014119,0)
condition delta = 0
cutoff times constant = (-0,-0)
sum = (-82.44800098979283120570472,0)
analytical res = (25.05083206588410149606716,-0)

i = 23	nsq = 9	spec_p = (0.942477796076937934799389,0)	sig_p = (0.2261270802409157676393647,-0)	F2 = (0,0)
p1x = (-0.6283185307179586231995927,0)	p1y = (0.6283185307179586231995927,0)	p1z = (0,0)
k1x = (-0.6283185307179586231995927,0)	k1y = (0.6283185307179586231995927,0)	k1z = (0,0)
spec_k = (0.8885765876316732425621581,0)	spec_p = (0.8885765876316732425621581,0)
total_P = (0,0)
sig_p = (0.2493095121306658779047893,-0)	cutoff = (0,0)	omega_p = (1.337747491900900032035793,0)
condition delta = 0
cutoff times constant = (-0,-0)
sum = (52.63774504993087077764358,0)
analytical res = (31.92423121731886226370989,-0)

i = 24	nsq = 8	spec_p = (0.8885765876316732425621581,0)	sig_p = (0.2493095121306658779047893,-0)	F2 = (0,0)
p1x = (-0.6283185307179586231995927,0)	p1y = (0.6283185307179586231995927,0)	p1z = (0.3141592653589793115997963,0)
k1x = (-0.6283185307179586231995927,0)	k1y = (0.6283185307179586231995927,0)	k1z = (0.3141592653589793115997963,0)
spec_k = (0.942477796076937934799389,0)	spec_p = (0.942477796076937934799389,0)
total_P = (0,0)
sig_p = (0.2261270802409157676393647,-0)	cutoff = (0,0)	omega_p = (1.374141330467154809014119,0)
condition delta = 0
cutoff times constant = (-0,-0)
sum = (-82.44800098979285962741415,0)
analytical res = (25.05083206588410149606716,-0)

i = 25	nsq = 9	spec_p = (0.942477796076937934799389,0)	sig_p = (0.2261270802409157676393647,-0)	F2 = (0,0)
p1x = (-0.3141592653589793115997963,0)	p1y = (-0.942477796076937934799389,0)	p1z = (0,0)
k1x = (-0.3141592653589793115997963,0)	k1y = (-0.942477796076937934799389,0)	k1z = (0,0)
spec_k = (0.9934588265796100436944016,0)	spec_p = (0.9934588265796100436944016,0)
total_P = (0,0)
sig_p = (0.2035429877050614067002243,-0)	cutoff = (0,0)	omega_p = (1.409595842824792111258603,0)
condition delta = 0
cutoff times constant = (-0,-0)
sum = (-152.4594342625244109967753,0)
analytical res = (13.04183474385140151241558,-0)

i = 26	nsq = 10	spec_p = (0.9934588265796100436944016,0)	sig_p = (0.2035429877050614067002243,-0)	F2 = (0,0)
p1x = (-0.3141592653589793115997963,0)	p1y = (-0.6283185307179586231995927,0)	p1z = (-0.6283185307179586231995927,0)
k1x = (-0.3141592653589793115997963,0)	k1y = (-0.6283185307179586231995927,0)	k1z = (-0.6283185307179586231995927,0)
spec_k = (0.942477796076937934799389,-0)	spec_p = (0.942477796076937934799389,-0)
total_P = (0,0)
sig_p = (0.2261270802409157676393647,-0)	cutoff = (0,0)	omega_p = (1.374141330467154809014119,-0)
condition delta = 0
cutoff times constant = (-0,-0)
sum = (-82.44800098979285962741415,0)
analytical res = (25.05083206588410149606716,-0)

i = 27	nsq = 9	spec_p = (0.942477796076937934799389,-0)	sig_p = (0.2261270802409157676393647,-0)	F2 = (0,0)
p1x = (-0.3141592653589793115997963,0)	p1y = (-0.6283185307179586231995927,0)	p1z = (-0.3141592653589793115997963,0)
k1x = (-0.3141592653589793115997963,0)	k1y = (-0.6283185307179586231995927,0)	k1z = (-0.3141592653589793115997963,0)
spec_k = (0.769529898097118469912914,-0)	spec_p = (0.769529898097118469912914,-0)
total_P = (0,0)
sig_p = (0.2976777941538739646887279,-0)	cutoff = (0,0)	omega_p = (1.261814671045380364944322,-0)
condition delta = 0
cutoff times constant = (-0,-0)
sum = (-6.985394748861676994522441,0)
analytical res = (37.3555210110190358818727,-0)

i = 28	nsq = 6	spec_p = (0.769529898097118469912914,-0)	sig_p = (0.2976777941538739646887279,-0)	F2 = (0,0)
p1x = (-0.3141592653589793115997963,0)	p1y = (-0.6283185307179586231995927,0)	p1z = (0,0)
k1x = (-0.3141592653589793115997963,0)	k1y = (-0.6283185307179586231995927,0)	k1z = (0,0)
spec_k = (0.7024814731040726067945457,0)	spec_p = (0.7024814731040726067945457,0)
total_P = (0,0)
sig_p = (0.3229881148638811261264436,-0)	cutoff = (0,0)	omega_p = (1.222080283800728084386833,0)
condition delta = 0
cutoff times constant = (-0,-0)
sum = (-4.758368655025053683971237,0)
analytical res = (37.70897643971546386865157,-0)

i = 29	nsq = 5	spec_p = (0.7024814731040726067945457,0)	sig_p = (0.3229881148638811261264436,-0)	F2 = (0,0)
p1x = (-0.3141592653589793115997963,0)	p1y = (-0.6283185307179586231995927,0)	p1z = (0.3141592653589793115997963,0)
k1x = (-0.3141592653589793115997963,0)	k1y = (-0.6283185307179586231995927,0)	k1z = (0.3141592653589793115997963,0)
spec_k = (0.769529898097118469912914,0)	spec_p = (0.769529898097118469912914,0)
total_P = (0,0)
sig_p = (0.2976777941538739646887279,-0)	cutoff = (0,0)	omega_p = (1.261814671045380364944322,0)
condition delta = 0
cutoff times constant = (-0,-0)
sum = (-6.98539474886167877087928,0)
analytical res = (37.3555210110190358818727,-0)

i = 30	nsq = 6	spec_p = (0.769529898097118469912914,0)	sig_p = (0.2976777941538739646887279,-0)	F2 = (0,0)
p1x = (-0.3141592653589793115997963,0)	p1y = (-0.6283185307179586231995927,0)	p1z = (0.6283185307179586231995927,0)
k1x = (-0.3141592653589793115997963,0)	k1y = (-0.6283185307179586231995927,0)	k1z = (0.6283185307179586231995927,0)
spec_k = (0.942477796076937934799389,0)	spec_p = (0.942477796076937934799389,0)
total_P = (0,0)
sig_p = (0.2261270802409157676393647,-0)	cutoff = (0,0)	omega_p = (1.374141330467154809014119,0)
condition delta = 0
cutoff times constant = (-0,-0)
sum = (-82.44800098979284541655943,0)
analytical res = (25.05083206588410149606716,-0)

i = 31	nsq = 9	spec_p = (0.942477796076937934799389,0)	sig_p = (0.2261270802409157676393647,-0)	F2 = (0,0)
p1x = (-0.3141592653589793115997963,0)	p1y = (-0.3141592653589793115997963,0)	p1z = (-0.6283185307179586231995927,0)
k1x = (-0.3141592653589793115997963,0)	k1y = (-0.3141592653589793115997963,0)	k1z = (-0.6283185307179586231995927,0)
spec_k = (0.7695298980971183588906115,-0)	spec_p = (0.7695298980971183588906115,-0)
total_P = (0,0)
sig_p = (0.2976777941538740757110304,-0)	cutoff = (0,0)	omega_p = (1.261814671045380364944322,-0)
condition delta = 0
cutoff times constant = (-0,-0)
sum = (-6.985394748861658342775627,0)
analytical res = (37.35552101101905009272741,-0)

i = 32	nsq = 6	spec_p = (0.7695298980971183588906115,-0)	sig_p = (0.2976777941538740757110304,-0)	F2 = (0,0)
p1x = (-0.3141592653589793115997963,0)	p1y = (-0.3141592653589793115997963,0)	p1z = (-0.3141592653589793115997963,0)
k1x = (-0.3141592653589793115997963,0)	k1y = (-0.3141592653589793115997963,0)	k1z = (-0.3141592653589793115997963,0)
spec_k = (0.5441398092702652844465661,-0)	spec_p = (0.5441398092702652844465661,-0)
total_P = (0,0)
sig_p = (0.3762540674953089858689737,-0)	cutoff = (0,0)	omega_p = (1.138458665052306972853557,-0)
condition delta = 0
cutoff times constant = (-0,-0)
sum = (-2.600663963482840568275378,0)
analytical res = (35.90327010538115359850053,-0)

i = 33	nsq = 3	spec_p = (0.5441398092702652844465661,-0)	sig_p = (0.3762540674953089858689737,-0)	F2 = (0,0)
p1x = (-0.3141592653589793115997963,0)	p1y = (-0.3141592653589793115997963,0)	p1z = (0,0)
k1x = (-0.3141592653589793115997963,0)	k1y = (-0.3141592653589793115997963,0)	k1z = (0,0)
spec_k = (0.444288293815836621281079,0)	spec_p = (0.444288293815836621281079,0)
total_P = (0,0)
sig_p = (0.4044118216962533929326185,-0)	cutoff = (0,0)	omega_p = (1.094254124059757415921013,0)
condition delta = 0
cutoff times constant = (-0,-0)
sum = (-2.030538629701458930298941,0)
analytical res = (34.20063541544345042666464,-0)

i = 34	nsq = 2	spec_p = (0.444288293815836621281079,0)	sig_p = (0.4044118216962533929326185,-0)	F2 = (0,0)
p1x = (-0.3141592653589793115997963,0)	p1y = (-0.3141592653589793115997963,0)	p1z = (0.3141592653589793115997963,0)
k1x = (-0.3141592653589793115997963,0)	k1y = (-0.3141592653589793115997963,0)	k1z = (0.3141592653589793115997963,0)
spec_k = (0.5441398092702652844465661,0)	spec_p = (0.5441398092702652844465661,0)
total_P = (0,0)
sig_p = (0.3762540674953089858689737,-0)	cutoff = (0,0)	omega_p = (1.138458665052306972853557,0)
condition delta = 0
cutoff times constant = (-0,-0)
sum = (-2.600663963482841012364588,0)
analytical res = (35.90327010538115359850053,-0)

i = 35	nsq = 3	spec_p = (0.5441398092702652844465661,0)	sig_p = (0.3762540674953089858689737,-0)	F2 = (0,0)
p1x = (-0.3141592653589793115997963,0)	p1y = (-0.3141592653589793115997963,0)	p1z = (0.6283185307179586231995927,0)
k1x = (-0.3141592653589793115997963,0)	k1y = (-0.3141592653589793115997963,0)	k1z = (0.6283185307179586231995927,0)
spec_k = (0.7695298980971183588906115,0)	spec_p = (0.7695298980971183588906115,0)
total_P = (0,0)
sig_p = (0.2976777941538740757110304,-0)	cutoff = (0,0)	omega_p = (1.261814671045380364944322,0)
condition delta = 0
cutoff times constant = (-0,-0)
sum = (-6.985394748861656566418787,0)
analytical res = (37.35552101101905009272741,-0)

i = 36	nsq = 6	spec_p = (0.7695298980971183588906115,0)	sig_p = (0.2976777941538740757110304,-0)	F2 = (0,0)
p1x = (-0.3141592653589793115997963,0)	p1y = (0,0)	p1z = (-0.942477796076937934799389,0)
k1x = (-0.3141592653589793115997963,0)	k1y = (0,0)	k1z = (-0.942477796076937934799389,0)
spec_k = (0.9934588265796100436944016,0)	spec_p = (0.9934588265796100436944016,0)
total_P = (0,0)
sig_p = (0.2035429877050614067002243,-0)	cutoff = (0,0)	omega_p = (1.409595842824792111258603,0)
condition delta = 0
cutoff times constant = (-0,-0)
sum = (-152.4594342625244962619036,0)
analytical res = (13.04183474385140151241558,-0)

i = 37	nsq = 10	spec_p = (0.9934588265796100436944016,0)	sig_p = (0.2035429877050614067002243,-0)	F2 = (0,0)
p1x = (-0.3141592653589793115997963,0)	p1y = (0,0)	p1z = (-0.6283185307179586231995927,0)
k1x = (-0.3141592653589793115997963,0)	k1y = (0,0)	k1z = (-0.6283185307179586231995927,0)
spec_k = (0.7024814731040726067945457,0)	spec_p = (0.7024814731040726067945457,0)
total_P = (0,0)
sig_p = (0.3229881148638811261264436,-0)	cutoff = (0,0)	omega_p = (1.222080283800728084386833,0)
condition delta = 0
cutoff times constant = (-0,-0)
sum = (-4.758368655025051019435978,0)
analytical res = (37.70897643971546386865157,-0)

i = 38	nsq = 5	spec_p = (0.7024814731040726067945457,0)	sig_p = (0.3229881148638811261264436,-0)	F2 = (0,0)
p1x = (-0.3141592653589793115997963,0)	p1y = (0,0)	p1z = (-0.3141592653589793115997963,0)
k1x = (-0.3141592653589793115997963,0)	k1y = (0,0)	k1z = (-0.3141592653589793115997963,0)
spec_k = (0.444288293815836621281079,0)	spec_p = (0.444288293815836621281079,0)
total_P = (0,0)
sig_p = (0.4044118216962533929326185,-0)	cutoff = (0,0)	omega_p = (1.094254124059757415921013,0)
condition delta = 0
cutoff times constant = (-0,-0)
sum = (-2.03053862970146115074499,0)
analytical res = (34.20063541544345042666464,-0)

i = 39	nsq = 2	spec_p = (0.444288293815836621281079,0)	sig_p = (0.4044118216962533929326185,-0)	F2 = (0,0)
p1x = (-0.3141592653589793115997963,0)	p1y = (0,0)	p1z = (0,0)
k1x = (-0.3141592653589793115997963,0)	k1y = (0,0)	k1z = (0,0)
spec_k = (0.3141592653589793115997963,0)	spec_p = (0.3141592653589793115997963,0)
total_P = (0,0)
sig_p = (0.4337560012924442931492308,-0)	cutoff = (0,0)	omega_p = (1.04818702720978840225996,0)
condition delta = 0
cutoff times constant = (-0,-0)
sum = (-1.619737084399954785141063,0)
analytical res = (32.14961926846515893885226,-0)

i = 40	nsq = 1	spec_p = (0.3141592653589793115997963,0)	sig_p = (0.4337560012924442931492308,-0)	F2 = (0,0)
p1x = (-0.3141592653589793115997963,0)	p1y = (0,0)	p1z = (0.3141592653589793115997963,0)
k1x = (-0.3141592653589793115997963,0)	k1y = (0,0)	k1z = (0.3141592653589793115997963,0)
spec_k = (0.444288293815836621281079,0)	spec_p = (0.444288293815836621281079,0)
total_P = (0,0)
sig_p = (0.4044118216962533929326185,-0)	cutoff = (0,0)	omega_p = (1.094254124059757415921013,0)
condition delta = 0
cutoff times constant = (-0,-0)
sum = (-2.03053862970146115074499,0)
analytical res = (34.20063541544345042666464,-0)

i = 41	nsq = 2	spec_p = (0.444288293815836621281079,0)	sig_p = (0.4044118216962533929326185,-0)	F2 = (0,0)
p1x = (-0.3141592653589793115997963,0)	p1y = (0,0)	p1z = (0.6283185307179586231995927,0)
k1x = (-0.3141592653589793115997963,0)	k1y = (0,0)	k1z = (0.6283185307179586231995927,0)
spec_k = (0.7024814731040726067945457,0)	spec_p = (0.7024814731040726067945457,0)
total_P = (0,0)
sig_p = (0.3229881148638811261264436,-0)	cutoff = (0,0)	omega_p = (1.222080283800728084386833,0)
condition delta = 0
cutoff times constant = (-0,-0)
sum = (-4.758368655025049243079138,0)
analytical res = (37.70897643971546386865157,-0)

i = 42	nsq = 5	spec_p = (0.7024814731040726067945457,0)	sig_p = (0.3229881148638811261264436,-0)	F2 = (0,0)
p1x = (-0.3141592653589793115997963,0)	p1y = (0,0)	p1z = (0.942477796076937934799389,0)
k1x = (-0.3141592653589793115997963,0)	k1y = (0,0)	k1z = (0.942477796076937934799389,0)
spec_k = (0.9934588265796100436944016,0)	spec_p = (0.9934588265796100436944016,0)
total_P = (0,0)
sig_p = (0.2035429877050614067002243,-0)	cutoff = (0,0)	omega_p = (1.409595842824792111258603,0)
condition delta = 0
cutoff times constant = (-0,-0)
sum = (-152.459434262524524683613,0)
analytical res = (13.04183474385140151241558,-0)

i = 43	nsq = 10	spec_p = (0.9934588265796100436944016,0)	sig_p = (0.2035429877050614067002243,-0)	F2 = (0,0)
p1x = (-0.3141592653589793115997963,0)	p1y = (0.3141592653589793115997963,0)	p1z = (-0.6283185307179586231995927,0)
k1x = (-0.3141592653589793115997963,0)	k1y = (0.3141592653589793115997963,0)	k1z = (-0.6283185307179586231995927,0)
spec_k = (0.7695298980971183588906115,0)	spec_p = (0.7695298980971183588906115,0)
total_P = (0,0)
sig_p = (0.2976777941538740757110304,-0)	cutoff = (0,0)	omega_p = (1.261814671045380364944322,0)
condition delta = 0
cutoff times constant = (-0,-0)
sum = (-6.985394748861665448202984,0)
analytical res = (37.35552101101905009272741,-0)

i = 44	nsq = 6	spec_p = (0.7695298980971183588906115,0)	sig_p = (0.2976777941538740757110304,-0)	F2 = (0,0)
p1x = (-0.3141592653589793115997963,0)	p1y = (0.3141592653589793115997963,0)	p1z = (-0.3141592653589793115997963,0)
k1x = (-0.3141592653589793115997963,0)	k1y = (0.3141592653589793115997963,0)	k1z = (-0.3141592653589793115997963,0)
spec_k = (0.5441398092702652844465661,0)	spec_p = (0.5441398092702652844465661,0)
total_P = (0,0)
sig_p = (0.3762540674953089858689737,-0)	cutoff = (0,0)	omega_p = (1.138458665052306972853557,0)
condition delta = 0
cutoff times constant = (-0,-0)
sum = (-2.600663963482840124186168,0)
analytical res = (35.90327010538115359850053,-0)

i = 45	nsq = 3	spec_p = (0.5441398092702652844465661,0)	sig_p = (0.3762540674953089858689737,-0)	F2 = (0,0)
p1x = (-0.3141592653589793115997963,0)	p1y = (0.3141592653589793115997963,0)	p1z = (0,0)
k1x = (-0.3141592653589793115997963,0)	k1y = (0.3141592653589793115997963,0)	k1z = (0,0)
spec_k = (0.444288293815836621281079,0)	spec_p = (0.444288293815836621281079,0)
total_P = (0,0)
sig_p = (0.4044118216962533929326185,-0)	cutoff = (0,0)	omega_p = (1.094254124059757415921013,0)
condition delta = 0
cutoff times constant = (-0,-0)
sum = (-2.030538629701463371191039,0)
analytical res = (34.20063541544345042666464,-0)

i = 46	nsq = 2	spec_p = (0.444288293815836621281079,0)	sig_p = (0.4044118216962533929326185,-0)	F2 = (0,0)
p1x = (-0.3141592653589793115997963,0)	p1y = (0.3141592653589793115997963,0)	p1z = (0.3141592653589793115997963,0)
k1x = (-0.3141592653589793115997963,0)	k1y = (0.3141592653589793115997963,0)	k1z = (0.3141592653589793115997963,0)
spec_k = (0.5441398092702652844465661,0)	spec_p = (0.5441398092702652844465661,0)
total_P = (0,0)
sig_p = (0.3762540674953089858689737,-0)	cutoff = (0,0)	omega_p = (1.138458665052306972853557,0)
condition delta = 0
cutoff times constant = (-0,-0)
sum = (-2.600663963482840124186168,0)
analytical res = (35.90327010538115359850053,-0)

i = 47	nsq = 3	spec_p = (0.5441398092702652844465661,0)	sig_p = (0.3762540674953089858689737,-0)	F2 = (0,0)
p1x = (-0.3141592653589793115997963,0)	p1y = (0.3141592653589793115997963,0)	p1z = (0.6283185307179586231995927,0)
k1x = (-0.3141592653589793115997963,0)	k1y = (0.3141592653589793115997963,0)	k1z = (0.6283185307179586231995927,0)
spec_k = (0.7695298980971183588906115,0)	spec_p = (0.7695298980971183588906115,0)
total_P = (0,0)
sig_p = (0.2976777941538740757110304,-0)	cutoff = (0,0)	omega_p = (1.261814671045380364944322,0)
condition delta = 0
cutoff times constant = (-0,-0)
sum = (-6.985394748861661007310886,0)
analytical res = (37.35552101101905009272741,-0)

i = 48	nsq = 6	spec_p = (0.7695298980971183588906115,0)	sig_p = (0.2976777941538740757110304,-0)	F2 = (0,0)
p1x = (-0.3141592653589793115997963,0)	p1y = (0.6283185307179586231995927,0)	p1z = (-0.6283185307179586231995927,0)
k1x = (-0.3141592653589793115997963,0)	k1y = (0.6283185307179586231995927,0)	k1z = (-0.6283185307179586231995927,0)
spec_k = (0.942477796076937934799389,0)	spec_p = (0.942477796076937934799389,0)
total_P = (0,0)
sig_p = (0.2261270802409157676393647,-0)	cutoff = (0,0)	omega_p = (1.374141330467154809014119,0)
condition delta = 0
cutoff times constant = (-0,-0)
sum = (-82.44800098979294489254244,0)
analytical res = (25.05083206588410149606716,-0)

i = 49	nsq = 9	spec_p = (0.942477796076937934799389,0)	sig_p = (0.2261270802409157676393647,-0)	F2 = (0,0)
p1x = (-0.3141592653589793115997963,0)	p1y = (0.6283185307179586231995927,0)	p1z = (-0.3141592653589793115997963,0)
k1x = (-0.3141592653589793115997963,0)	k1y = (0.6283185307179586231995927,0)	k1z = (-0.3141592653589793115997963,0)
spec_k = (0.769529898097118469912914,0)	spec_p = (0.769529898097118469912914,0)
total_P = (0,0)
sig_p = (0.2976777941538739646887279,-0)	cutoff = (0,0)	omega_p = (1.261814671045380364944322,0)
condition delta = 0
cutoff times constant = (-0,-0)
sum = (-6.9853947488616796590577,0)
analytical res = (37.3555210110190358818727,-0)

i = 50	nsq = 6	spec_p = (0.769529898097118469912914,0)	sig_p = (0.2976777941538739646887279,-0)	F2 = (0,0)
p1x = (-0.3141592653589793115997963,0)	p1y = (0.6283185307179586231995927,0)	p1z = (0,0)
k1x = (-0.3141592653589793115997963,0)	k1y = (0.6283185307179586231995927,0)	k1z = (0,0)
spec_k = (0.7024814731040726067945457,0)	spec_p = (0.7024814731040726067945457,0)
total_P = (0,0)
sig_p = (0.3229881148638811261264436,-0)	cutoff = (0,0)	omega_p = (1.222080283800728084386833,0)
condition delta = 0
cutoff times constant = (-0,-0)
sum = (-4.758368655025046578543879,0)
analytical res = (37.70897643971546386865157,-0)

i = 51	nsq = 5	spec_p = (0.7024814731040726067945457,0)	sig_p = (0.3229881148638811261264436,-0)	F2 = (0,0)
p1x = (-0.3141592653589793115997963,0)	p1y = (0.6283185307179586231995927,0)	p1z = (0.3141592653589793115997963,0)
k1x = (-0.3141592653589793115997963,0)	k1y = (0.6283185307179586231995927,0)	k1z = (0.3141592653589793115997963,0)
spec_k = (0.769529898097118469912914,0)	spec_p = (0.769529898097118469912914,0)
total_P = (0,0)
sig_p = (0.2976777941538739646887279,-0)	cutoff = (0,0)	omega_p = (1.261814671045380364944322,0)
condition delta = 0
cutoff times constant = (-0,-0)
sum = (-6.9853947488616796590577,0)
analytical res = (37.3555210110190358818727,-0)

i = 52	nsq = 6	spec_p = (0.769529898097118469912914,0)	sig_p = (0.2976777941538739646887279,-0)	F2 = (0,0)
p1x = (-0.3141592653589793115997963,0)	p1y = (0.6283185307179586231995927,0)	p1z = (0.6283185307179586231995927,0)
k1x = (-0.3141592653589793115997963,0)	k1y = (0.6283185307179586231995927,0)	k1z = (0.6283185307179586231995927,0)
spec_k = (0.942477796076937934799389,0)	spec_p = (0.942477796076937934799389,0)
total_P = (0,0)
sig_p = (0.2261270802409157676393647,-0)	cutoff = (0,0)	omega_p = (1.374141330467154809014119,0)
condition delta = 0
cutoff times constant = (-0,-0)
sum = (-82.44800098979294489254244,0)
analytical res = (25.05083206588410149606716,-0)

i = 53	nsq = 9	spec_p = (0.942477796076937934799389,0)	sig_p = (0.2261270802409157676393647,-0)	F2 = (0,0)
p1x = (-0.3141592653589793115997963,0)	p1y = (0.942477796076937934799389,0)	p1z = (0,0)
k1x = (-0.3141592653589793115997963,0)	k1y = (0.942477796076937934799389,0)	k1z = (0,0)
spec_k = (0.9934588265796100436944016,0)	spec_p = (0.9934588265796100436944016,0)
total_P = (0,0)
sig_p = (0.2035429877050614067002243,-0)	cutoff = (0,0)	omega_p = (1.409595842824792111258603,0)
condition delta = 0
cutoff times constant = (-0,-0)
sum = (-152.4594342625247804789979,0)
analytical res = (13.04183474385140151241558,-0)

i = 54	nsq = 10	spec_p = (0.9934588265796100436944016,0)	sig_p = (0.2035429877050614067002243,-0)	F2 = (0,0)
p1x = (0,0)	p1y = (-0.942477796076937934799389,0)	p1z = (-0.3141592653589793115997963,0)
k1x = (0,0)	k1y = (-0.942477796076937934799389,0)	k1z = (-0.3141592653589793115997963,0)
spec_k = (0.9934588265796100436944016,0)	spec_p = (0.9934588265796100436944016,0)
total_P = (0,0)
sig_p = (0.2035429877050614067002243,-0)	cutoff = (0,0)	omega_p = (1.409595842824792111258603,0)
condition delta = 0
cutoff times constant = (-0,-0)
sum = (-152.4594342625248373224167,0)
analytical res = (13.04183474385140151241558,-0)

i = 55	nsq = 10	spec_p = (0.9934588265796100436944016,0)	sig_p = (0.2035429877050614067002243,-0)	F2 = (0,0)
p1x = (0,0)	p1y = (-0.942477796076937934799389,0)	p1z = (0,0)
k1x = (0,0)	k1y = (-0.942477796076937934799389,0)	k1z = (0,0)
spec_k = (0.942477796076937934799389,0)	spec_p = (0.942477796076937934799389,0)
total_P = (0,0)
sig_p = (0.2261270802409157676393647,-0)	cutoff = (0,0)	omega_p = (1.374141330467154809014119,0)
condition delta = 0
cutoff times constant = (-0,-0)
sum = (0.4875921938958276413700332,0)
analytical res = (25.05083206588410149606716,-0)

i = 56	nsq = 9	spec_p = (0.942477796076937934799389,0)	sig_p = (0.2261270802409157676393647,-0)	F2 = (0,0)
p1x = (0,0)	p1y = (-0.942477796076937934799389,0)	p1z = (0.3141592653589793115997963,0)
k1x = (0,0)	k1y = (-0.942477796076937934799389,0)	k1z = (0.3141592653589793115997963,0)
spec_k = (0.9934588265796100436944016,0)	spec_p = (0.9934588265796100436944016,0)
total_P = (0,0)
sig_p = (0.2035429877050614067002243,-0)	cutoff = (0,0)	omega_p = (1.409595842824792111258603,0)
condition delta = 0
cutoff times constant = (-0,-0)
sum = (-152.4594342625248373224167,0)
analytical res = (13.04183474385140151241558,-0)

i = 57	nsq = 10	spec_p = (0.9934588265796100436944016,0)	sig_p = (0.2035429877050614067002243,-0)	F2 = (0,0)
p1x = (0,0)	p1y = (-0.6283185307179586231995927,0)	p1z = (-0.6283185307179586231995927,0)
k1x = (0,0)	k1y = (-0.6283185307179586231995927,0)	k1z = (-0.6283185307179586231995927,0)
spec_k = (0.8885765876316732425621581,0)	spec_p = (0.8885765876316732425621581,0)
total_P = (0,0)
sig_p = (0.2493095121306658779047893,-0)	cutoff = (0,0)	omega_p = (1.337747491900900032035793,0)
condition delta = 0
cutoff times constant = (-0,-0)
sum = (52.63774504993092051563508,0)
analytical res = (31.92423121731886226370989,-0)

i = 58	nsq = 8	spec_p = (0.8885765876316732425621581,0)	sig_p = (0.2493095121306658779047893,-0)	F2 = (0,0)
p1x = (0,0)	p1y = (-0.6283185307179586231995927,0)	p1z = (-0.3141592653589793115997963,0)
k1x = (0,0)	k1y = (-0.6283185307179586231995927,0)	k1z = (-0.3141592653589793115997963,0)
spec_k = (0.7024814731040726067945457,0)	spec_p = (0.7024814731040726067945457,0)
total_P = (0,0)
sig_p = (0.3229881148638811261264436,-0)	cutoff = (0,0)	omega_p = (1.222080283800728084386833,0)
condition delta = 0
cutoff times constant = (-0,-0)
sum = (-4.758368655025031479510744,0)
analytical res = (37.70897643971546386865157,-0)

i = 59	nsq = 5	spec_p = (0.7024814731040726067945457,0)	sig_p = (0.3229881148638811261264436,-0)	F2 = (0,0)
p1x = (0,0)	p1y = (-0.6283185307179586231995927,0)	p1z = (0,0)
k1x = (0,0)	k1y = (-0.6283185307179586231995927,0)	k1z = (0,0)
spec_k = (0.6283185307179586231995927,0)	spec_p = (0.6283185307179586231995927,0)
total_P = (0,0)
sig_p = (0.3491495051617087286288665,-0)	cutoff = (0,0)	omega_p = (1.181009812001396763747607,0)
condition delta = 0
cutoff times constant = (-0,-0)
sum = (-3.454085527263659027852327,0)
analytical res = (37.13359193683803738395,-0)

i = 60	nsq = 4	spec_p = (0.6283185307179586231995927,0)	sig_p = (0.3491495051617087286288665,-0)	F2 = (0,0)
p1x = (0,0)	p1y = (-0.6283185307179586231995927,0)	p1z = (0.3141592653589793115997963,0)
k1x = (0,0)	k1y = (-0.6283185307179586231995927,0)	k1z = (0.3141592653589793115997963,0)
spec_k = (0.7024814731040726067945457,0)	spec_p = (0.7024814731040726067945457,0)
total_P = (0,0)
sig_p = (0.3229881148638811261264436,-0)	cutoff = (0,0)	omega_p = (1.222080283800728084386833,0)
condition delta = 0
cutoff times constant = (-0,-0)
sum = (-4.758368655025029703153905,0)
analytical res = (37.70897643971546386865157,-0)

i = 61	nsq = 5	spec_p = (0.7024814731040726067945457,0)	sig_p = (0.3229881148638811261264436,-0)	F2 = (0,0)
p1x = (0,0)	p1y = (-0.6283185307179586231995927,0)	p1z = (0.6283185307179586231995927,0)
k1x = (0,0)	k1y = (-0.6283185307179586231995927,0)	k1z = (0.6283185307179586231995927,0)
spec_k = (0.8885765876316732425621581,0)	spec_p = (0.8885765876316732425621581,0)
total_P = (0,0)
sig_p = (0.2493095121306658779047893,-0)	cutoff = (0,0)	omega_p = (1.337747491900900032035793,0)
condition delta = 0
cutoff times constant = (-0,-0)
sum = (52.63774504993091341020772,0)
analytical res = (31.92423121731886226370989,-0)

i = 62	nsq = 8	spec_p = (0.8885765876316732425621581,0)	sig_p = (0.2493095121306658779047893,-0)	F2 = (0,0)
p1x = (0,0)	p1y = (-0.3141592653589793115997963,0)	p1z = (-0.942477796076937934799389,0)
k1x = (0,0)	k1y = (-0.3141592653589793115997963,0)	k1z = (-0.942477796076937934799389,0)
spec_k = (0.9934588265796100436944016,0)	spec_p = (0.9934588265796100436944016,0)
total_P = (0,0)
sig_p = (0.2035429877050614067002243,-0)	cutoff = (0,0)	omega_p = (1.409595842824792111258603,0)
condition delta = 0
cutoff times constant = (-0,-0)
sum = (-152.459434262524723635579,0)
analytical res = (13.04183474385140151241558,-0)

i = 63	nsq = 10	spec_p = (0.9934588265796100436944016,0)	sig_p = (0.2035429877050614067002243,-0)	F2 = (0,0)
p1x = (0,0)	p1y = (-0.3141592653589793115997963,0)	p1z = (-0.6283185307179586231995927,0)
k1x = (0,0)	k1y = (-0.3141592653589793115997963,0)	k1z = (-0.6283185307179586231995927,0)
spec_k = (0.7024814731040726067945457,0)	spec_p = (0.7024814731040726067945457,0)
total_P = (0,0)
sig_p = (0.3229881148638811261264436,-0)	cutoff = (0,0)	omega_p = (1.222080283800728084386833,0)
condition delta = 0
cutoff times constant = (-0,-0)
sum = (-4.758368655025031479510744,0)
analytical res = (37.70897643971546386865157,-0)

i = 64	nsq = 5	spec_p = (0.7024814731040726067945457,0)	sig_p = (0.3229881148638811261264436,-0)	F2 = (0,0)
p1x = (0,0)	p1y = (-0.3141592653589793115997963,0)	p1z = (-0.3141592653589793115997963,0)
k1x = (0,0)	k1y = (-0.3141592653589793115997963,0)	k1z = (-0.3141592653589793115997963,0)
spec_k = (0.444288293815836621281079,0)	spec_p = (0.444288293815836621281079,0)
total_P = (0,0)
sig_p = (0.4044118216962533929326185,-0)	cutoff = (0,0)	omega_p = (1.094254124059757415921013,0)
condition delta = 0
cutoff times constant = (-0,-0)
sum = (-2.030538629701469144350767,0)
analytical res = (34.20063541544345042666464,-0)

i = 65	nsq = 2	spec_p = (0.444288293815836621281079,0)	sig_p = (0.4044118216962533929326185,-0)	F2 = (0,0)
p1x = (0,0)	p1y = (-0.3141592653589793115997963,0)	p1z = (0,0)
k1x = (0,0)	k1y = (-0.3141592653589793115997963,0)	k1z = (0,0)
spec_k = (0.3141592653589793115997963,0)	spec_p = (0.3141592653589793115997963,0)
total_P = (0,0)
sig_p = (0.4337560012924442931492308,-0)	cutoff = (0,0)	omega_p = (1.04818702720978840225996,0)
condition delta = 0
cutoff times constant = (-0,-0)
sum = (-1.619737084399951676516594,0)
analytical res = (32.14961926846515893885226,-0)

i = 66	nsq = 1	spec_p = (0.3141592653589793115997963,0)	sig_p = (0.4337560012924442931492308,-0)	F2 = (0,0)
p1x = (0,0)	p1y = (-0.3141592653589793115997963,0)	p1z = (0.3141592653589793115997963,0)
k1x = (0,0)	k1y = (-0.3141592653589793115997963,0)	k1z = (0.3141592653589793115997963,0)
spec_k = (0.444288293815836621281079,0)	spec_p = (0.444288293815836621281079,0)
total_P = (0,0)
sig_p = (0.4044118216962533929326185,-0)	cutoff = (0,0)	omega_p = (1.094254124059757415921013,0)
condition delta = 0
cutoff times constant = (-0,-0)
sum = (-2.030538629701468700261557,0)
analytical res = (34.20063541544345042666464,-0)

i = 67	nsq = 2	spec_p = (0.444288293815836621281079,0)	sig_p = (0.4044118216962533929326185,-0)	F2 = (0,0)
p1x = (0,0)	p1y = (-0.3141592653589793115997963,0)	p1z = (0.6283185307179586231995927,0)
k1x = (0,0)	k1y = (-0.3141592653589793115997963,0)	k1z = (0.6283185307179586231995927,0)
spec_k = (0.7024814731040726067945457,0)	spec_p = (0.7024814731040726067945457,0)
total_P = (0,0)
sig_p = (0.3229881148638811261264436,-0)	cutoff = (0,0)	omega_p = (1.222080283800728084386833,0)
condition delta = 0
cutoff times constant = (-0,-0)
sum = (-4.758368655025028814975485,0)
analytical res = (37.70897643971546386865157,-0)

i = 68	nsq = 5	spec_p = (0.7024814731040726067945457,0)	sig_p = (0.3229881148638811261264436,-0)	F2 = (0,0)
p1x = (0,0)	p1y = (-0.3141592653589793115997963,0)	p1z = (0.942477796076937934799389,0)
k1x = (0,0)	k1y = (-0.3141592653589793115997963,0)	k1z = (0.942477796076937934799389,0)
spec_k = (0.9934588265796100436944016,0)	spec_p = (0.9934588265796100436944016,0)
total_P = (0,0)
sig_p = (0.2035429877050614067002243,-0)	cutoff = (0,0)	omega_p = (1.409595842824792111258603,0)
condition delta = 0
cutoff times constant = (-0,-0)
sum = (-152.4594342625248089007073,0)
analytical res = (13.04183474385140151241558,-0)

i = 69	nsq = 10	spec_p = (0.9934588265796100436944016,0)	sig_p = (0.2035429877050614067002243,-0)	F2 = (0,0)
p1x = (0,0)	p1y = (0,0)	p1z = (-0.942477796076937934799389,0)
k1x = (0,0)	k1y = (0,0)	k1z = (-0.942477796076937934799389,0)
spec_k = (0.942477796076937934799389,0)	spec_p = (0.942477796076937934799389,0)
total_P = (0,0)
sig_p = (0.2261270802409157676393647,-0)	cutoff = (0,0)	omega_p = (1.374141330467154809014119,0)
condition delta = 0
cutoff times constant = (-0,-0)
sum = (0.4875921938958157064725185,0)
analytical res = (25.05083206588410149606716,-0)

i = 70	nsq = 9	spec_p = (0.942477796076937934799389,0)	sig_p = (0.2261270802409157676393647,-0)	F2 = (0,0)
p1x = (0,0)	p1y = (0,0)	p1z = (-0.6283185307179586231995927,0)
k1x = (0,0)	k1y = (0,0)	k1z = (-0.6283185307179586231995927,0)
spec_k = (0.6283185307179586231995927,0)	spec_p = (0.6283185307179586231995927,0)
total_P = (0,0)
sig_p = (0.3491495051617087286288665,-0)	cutoff = (0,0)	omega_p = (1.181009812001396763747607,0)
condition delta = 0
cutoff times constant = (-0,-0)
sum = (-3.454085527263658139673907,0)
analytical res = (37.13359193683803738395,-0)

i = 71	nsq = 4	spec_p = (0.6283185307179586231995927,0)	sig_p = (0.3491495051617087286288665,-0)	F2 = (0,0)
p1x = (0,0)	p1y = (0,0)	p1z = (-0.3141592653589793115997963,0)
k1x = (0,0)	k1y = (0,0)	k1z = (-0.3141592653589793115997963,0)
spec_k = (0.3141592653589793115997963,0)	spec_p = (0.3141592653589793115997963,0)
total_P = (0,0)
sig_p = (0.4337560012924442931492308,-0)	cutoff = (0,0)	omega_p = (1.04818702720978840225996,0)
condition delta = 0
cutoff times constant = (-0,-0)
sum = (-1.619737084399950344248964,0)
analytical res = (32.14961926846515893885226,-0)

i = 72	nsq = 1	spec_p = (0.3141592653589793115997963,0)	sig_p = (0.4337560012924442931492308,-0)	F2 = (0,0)
p1x = (0,0)	p1y = (0,0)	p1z = (0,0)
k1x = (0,0)	k1y = (0,0)	k1z = (0,0)
spec_k = (0,0)	spec_p = (0,0)
total_P = (0,0)
sig_p = (0.4644505507070880168107863,-0)	cutoff = (0,0)	omega_p = (1,0)
condition delta = 0
cutoff times constant = (-0,-0)
sum = (-1.311901879966834716384483,0)
analytical res = (29.83494415522281428820861,-0)

i = 73	nsq = 0	spec_p = (0,0)	sig_p = (0.4644505507070880168107863,-0)	F2 = (0,0)
p1x = (0,0)	p1y = (0,0)	p1z = (0.3141592653589793115997963,0)
k1x = (0,0)	k1y = (0,0)	k1z = (0.3141592653589793115997963,0)
spec_k = (0.3141592653589793115997963,0)	spec_p = (0.3141592653589793115997963,0)
total_P = (0,0)
sig_p = (0.4337560012924442931492308,-0)	cutoff = (0,0)	omega_p = (1.04818702720978840225996,0)
condition delta = 0
cutoff times constant = (-0,-0)
sum = (-1.619737084399949678115149,0)
analytical res = (32.14961926846515893885226,-0)

i = 74	nsq = 1	spec_p = (0.3141592653589793115997963,0)	sig_p = (0.4337560012924442931492308,-0)	F2 = (0,0)
p1x = (0,0)	p1y = (0,0)	p1z = (0.6283185307179586231995927,0)
k1x = (0,0)	k1y = (0,0)	k1z = (0.6283185307179586231995927,0)
spec_k = (0.6283185307179586231995927,0)	spec_p = (0.6283185307179586231995927,0)
total_P = (0,0)
sig_p = (0.3491495051617087286288665,-0)	cutoff = (0,0)	omega_p = (1.181009812001396763747607,0)
condition delta = 0
cutoff times constant = (-0,-0)
sum = (-3.454085527263658139673907,0)
analytical res = (37.13359193683803738395,-0)

i = 75	nsq = 4	spec_p = (0.6283185307179586231995927,0)	sig_p = (0.3491495051617087286288665,-0)	F2 = (0,0)
p1x = (0,0)	p1y = (0,0)	p1z = (0.942477796076937934799389,0)
k1x = (0,0)	k1y = (0,0)	k1z = (0.942477796076937934799389,0)
spec_k = (0.942477796076937934799389,0)	spec_p = (0.942477796076937934799389,0)
total_P = (0,0)
sig_p = (0.2261270802409157676393647,-0)	cutoff = (0,0)	omega_p = (1.374141330467154809014119,0)
condition delta = 0
cutoff times constant = (-0,-0)
sum = (0.4875921938958144852271914,0)
analytical res = (25.05083206588410149606716,-0)

i = 76	nsq = 9	spec_p = (0.942477796076937934799389,0)	sig_p = (0.2261270802409157676393647,-0)	F2 = (0,0)
p1x = (0,0)	p1y = (0.3141592653589793115997963,0)	p1z = (-0.942477796076937934799389,0)
k1x = (0,0)	k1y = (0.3141592653589793115997963,0)	k1z = (-0.942477796076937934799389,0)
spec_k = (0.9934588265796100436944016,0)	spec_p = (0.9934588265796100436944016,0)
total_P = (0,0)
sig_p = (0.2035429877050614067002243,-0)	cutoff = (0,0)	omega_p = (1.409595842824792111258603,0)
condition delta = 0
cutoff times constant = (-0,-0)
sum = (-152.4594342625248941658356,0)
analytical res = (13.04183474385140151241558,-0)

i = 77	nsq = 10	spec_p = (0.9934588265796100436944016,0)	sig_p = (0.2035429877050614067002243,-0)	F2 = (0,0)
p1x = (0,0)	p1y = (0.3141592653589793115997963,0)	p1z = (-0.6283185307179586231995927,0)
k1x = (0,0)	k1y = (0.3141592653589793115997963,0)	k1z = (-0.6283185307179586231995927,0)
spec_k = (0.7024814731040726067945457,0)	spec_p = (0.7024814731040726067945457,0)
total_P = (0,0)
sig_p = (0.3229881148638811261264436,-0)	cutoff = (0,0)	omega_p = (1.222080283800728084386833,0)
condition delta = 0
cutoff times constant = (-0,-0)
sum = (-4.758368655025035032224423,0)
analytical res = (37.70897643971546386865157,-0)

i = 78	nsq = 5	spec_p = (0.7024814731040726067945457,0)	sig_p = (0.3229881148638811261264436,-0)	F2 = (0,0)
p1x = (0,0)	p1y = (0.3141592653589793115997963,0)	p1z = (-0.3141592653589793115997963,0)
k1x = (0,0)	k1y = (0.3141592653589793115997963,0)	k1z = (-0.3141592653589793115997963,0)
spec_k = (0.444288293815836621281079,0)	spec_p = (0.444288293815836621281079,0)
total_P = (0,0)
sig_p = (0.4044118216962533929326185,-0)	cutoff = (0,0)	omega_p = (1.094254124059757415921013,0)
condition delta = 0
cutoff times constant = (-0,-0)
sum = (-2.030538629701469588439977,0)
analytical res = (34.20063541544345042666464,-0)

i = 79	nsq = 2	spec_p = (0.444288293815836621281079,0)	sig_p = (0.4044118216962533929326185,-0)	F2 = (0,0)
p1x = (0,0)	p1y = (0.3141592653589793115997963,0)	p1z = (0,0)
k1x = (0,0)	k1y = (0.3141592653589793115997963,0)	k1z = (0,0)
spec_k = (0.3141592653589793115997963,0)	spec_p = (0.3141592653589793115997963,0)
total_P = (0,0)
sig_p = (0.4337560012924442931492308,-0)	cutoff = (0,0)	omega_p = (1.04818702720978840225996,0)
condition delta = 0
cutoff times constant = (-0,-0)
sum = (-1.619737084399949456070544,0)
analytical res = (32.14961926846515893885226,-0)

i = 80	nsq = 1	spec_p = (0.3141592653589793115997963,0)	sig_p = (0.4337560012924442931492308,-0)	F2 = (0,0)
p1x = (0,0)	p1y = (0.3141592653589793115997963,0)	p1z = (0.3141592653589793115997963,0)
k1x = (0,0)	k1y = (0.3141592653589793115997963,0)	k1z = (0.3141592653589793115997963,0)
spec_k = (0.444288293815836621281079,0)	spec_p = (0.444288293815836621281079,0)
total_P = (0,0)
sig_p = (0.4044118216962533929326185,-0)	cutoff = (0,0)	omega_p = (1.094254124059757415921013,0)
condition delta = 0
cutoff times constant = (-0,-0)
sum = (-2.030538629701469588439977,0)
analytical res = (34.20063541544345042666464,-0)

i = 81	nsq = 2	spec_p = (0.444288293815836621281079,0)	sig_p = (0.4044118216962533929326185,-0)	F2 = (0,0)
p1x = (0,0)	p1y = (0.3141592653589793115997963,0)	p1z = (0.6283185307179586231995927,0)
k1x = (0,0)	k1y = (0.3141592653589793115997963,0)	k1z = (0.6283185307179586231995927,0)
spec_k = (0.7024814731040726067945457,0)	spec_p = (0.7024814731040726067945457,0)
total_P = (0,0)
sig_p = (0.3229881148638811261264436,-0)	cutoff = (0,0)	omega_p = (1.222080283800728084386833,0)
condition delta = 0
cutoff times constant = (-0,-0)
sum = (-4.758368655025036808581262,0)
analytical res = (37.70897643971546386865157,-0)

i = 82	nsq = 5	spec_p = (0.7024814731040726067945457,0)	sig_p = (0.3229881148638811261264436,-0)	F2 = (0,0)
p1x = (0,0)	p1y = (0.3141592653589793115997963,0)	p1z = (0.942477796076937934799389,0)
k1x = (0,0)	k1y = (0.3141592653589793115997963,0)	k1z = (0.942477796076937934799389,0)
spec_k = (0.9934588265796100436944016,0)	spec_p = (0.9934588265796100436944016,0)
total_P = (0,0)
sig_p = (0.2035429877050614067002243,-0)	cutoff = (0,0)	omega_p = (1.409595842824792111258603,0)
condition delta = 0
cutoff times constant = (-0,-0)
sum = (-152.4594342625250078526733,0)
analytical res = (13.04183474385140151241558,-0)

i = 83	nsq = 10	spec_p = (0.9934588265796100436944016,0)	sig_p = (0.2035429877050614067002243,-0)	F2 = (0,0)
p1x = (0,0)	p1y = (0.6283185307179586231995927,0)	p1z = (-0.6283185307179586231995927,0)
k1x = (0,0)	k1y = (0.6283185307179586231995927,0)	k1z = (-0.6283185307179586231995927,0)
spec_k = (0.8885765876316732425621581,0)	spec_p = (0.8885765876316732425621581,0)
total_P = (0,0)
sig_p = (0.2493095121306658779047893,-0)	cutoff = (0,0)	omega_p = (1.337747491900900032035793,0)
condition delta = 0
cutoff times constant = (-0,-0)
sum = (52.63774504993089919935301,0)
analytical res = (31.92423121731886226370989,-0)

i = 84	nsq = 8	spec_p = (0.8885765876316732425621581,0)	sig_p = (0.2493095121306658779047893,-0)	F2 = (0,0)
p1x = (0,0)	p1y = (0.6283185307179586231995927,0)	p1z = (-0.3141592653589793115997963,0)
k1x = (0,0)	k1y = (0.6283185307179586231995927,0)	k1z = (-0.3141592653589793115997963,0)
spec_k = (0.7024814731040726067945457,0)	spec_p = (0.7024814731040726067945457,0)
total_P = (0,0)
sig_p = (0.3229881148638811261264436,-0)	cutoff = (0,0)	omega_p = (1.222080283800728084386833,0)
condition delta = 0
cutoff times constant = (-0,-0)
sum = (-4.758368655025036808581262,0)
analytical res = (37.70897643971546386865157,-0)

i = 85	nsq = 5	spec_p = (0.7024814731040726067945457,0)	sig_p = (0.3229881148638811261264436,-0)	F2 = (0,0)
p1x = (0,0)	p1y = (0.6283185307179586231995927,0)	p1z = (0,0)
k1x = (0,0)	k1y = (0.6283185307179586231995927,0)	k1z = (0,0)
spec_k = (0.6283185307179586231995927,0)	spec_p = (0.6283185307179586231995927,0)
total_P = (0,0)
sig_p = (0.3491495051617087286288665,-0)	cutoff = (0,0)	omega_p = (1.181009812001396763747607,0)
condition delta = 0
cutoff times constant = (-0,-0)
sum = (-3.454085527263655475138648,0)
analytical res = (37.13359193683803738395,-0)

i = 86	nsq = 4	spec_p = (0.6283185307179586231995927,0)	sig_p = (0.3491495051617087286288665,-0)	F2 = (0,0)
p1x = (0,0)	p1y = (0.6283185307179586231995927,0)	p1z = (0.3141592653589793115997963,0)
k1x = (0,0)	k1y = (0.6283185307179586231995927,0)	k1z = (0.3141592653589793115997963,0)
spec_k = (0.7024814731040726067945457,0)	spec_p = (0.7024814731040726067945457,0)
total_P = (0,0)
sig_p = (0.3229881148638811261264436,-0)	cutoff = (0,0)	omega_p = (1.222080283800728084386833,0)
condition delta = 0
cutoff times constant = (-0,-0)
sum = (-4.758368655025035920402843,0)
analytical res = (37.70897643971546386865157,-0)

i = 87	nsq = 5	spec_p = (0.7024814731040726067945457,0)	sig_p = (0.3229881148638811261264436,-0)	F2 = (0,0)
p1x = (0,0)	p1y = (0.6283185307179586231995927,0)	p1z = (0.6283185307179586231995927,0)
k1x = (0,0)	k1y = (0.6283185307179586231995927,0)	k1z = (0.6283185307179586231995927,0)
spec_k = (0.8885765876316732425621581,0)	spec_p = (0.8885765876316732425621581,0)
total_P = (0,0)
sig_p = (0.2493095121306658779047893,-0)	cutoff = (0,0)	omega_p = (1.337747491900900032035793,0)
condition delta = 0
cutoff times constant = (-0,-0)
sum = (52.63774504993089209392565,0)
analytical res = (31.92423121731886226370989,-0)

i = 88	nsq = 8	spec_p = (0.8885765876316732425621581,0)	sig_p = (0.2493095121306658779047893,-0)	F2 = (0,0)
p1x = (0,0)	p1y = (0.942477796076937934799389,0)	p1z = (-0.3141592653589793115997963,0)
k1x = (0,0)	k1y = (0.942477796076937934799389,0)	k1z = (-0.3141592653589793115997963,0)
spec_k = (0.9934588265796100436944016,0)	spec_p = (0.9934588265796100436944016,0)
total_P = (0,0)
sig_p = (0.2035429877050614067002243,-0)	cutoff = (0,0)	omega_p = (1.409595842824792111258603,0)
condition delta = 0
cutoff times constant = (-0,-0)
sum = (-152.4594342625248657441261,0)
analytical res = (13.04183474385140151241558,-0)

i = 89	nsq = 10	spec_p = (0.9934588265796100436944016,0)	sig_p = (0.2035429877050614067002243,-0)	F2 = (0,0)
p1x = (0,0)	p1y = (0.942477796076937934799389,0)	p1z = (0,0)
k1x = (0,0)	k1y = (0.942477796076937934799389,0)	k1z = (0,0)
spec_k = (0.942477796076937934799389,0)	spec_p = (0.942477796076937934799389,0)
total_P = (0,0)
sig_p = (0.2261270802409157676393647,-0)	cutoff = (0,0)	omega_p = (1.374141330467154809014119,0)
condition delta = 0
cutoff times constant = (-0,-0)
sum = (0.4875921938958269752362185,0)
analytical res = (25.05083206588410149606716,-0)

i = 90	nsq = 9	spec_p = (0.942477796076937934799389,0)	sig_p = (0.2261270802409157676393647,-0)	F2 = (0,0)
p1x = (0,0)	p1y = (0.942477796076937934799389,0)	p1z = (0.3141592653589793115997963,0)
k1x = (0,0)	k1y = (0.942477796076937934799389,0)	k1z = (0.3141592653589793115997963,0)
spec_k = (0.9934588265796100436944016,0)	spec_p = (0.9934588265796100436944016,0)
total_P = (0,0)
sig_p = (0.2035429877050614067002243,-0)	cutoff = (0,0)	omega_p = (1.409595842824792111258603,0)
condition delta = 0
cutoff times constant = (-0,-0)
sum = (-152.4594342625248657441261,0)
analytical res = (13.04183474385140151241558,-0)

i = 91	nsq = 10	spec_p = (0.9934588265796100436944016,0)	sig_p = (0.2035429877050614067002243,-0)	F2 = (0,0)
p1x = (0.3141592653589793115997963,0)	p1y = (-0.942477796076937934799389,0)	p1z = (0,0)
k1x = (0.3141592653589793115997963,0)	k1y = (-0.942477796076937934799389,0)	k1z = (0,0)
spec_k = (0.9934588265796100436944016,0)	spec_p = (0.9934588265796100436944016,0)
total_P = (0,0)
sig_p = (0.2035429877050614067002243,-0)	cutoff = (0,0)	omega_p = (1.409595842824792111258603,0)
condition delta = 0
cutoff times constant = (-0,-0)
sum = (-152.459434262525121539511,0)
analytical res = (13.04183474385140151241558,-0)

i = 92	nsq = 10	spec_p = (0.9934588265796100436944016,0)	sig_p = (0.2035429877050614067002243,-0)	F2 = (0,0)
p1x = (0.3141592653589793115997963,0)	p1y = (-0.6283185307179586231995927,0)	p1z = (-0.6283185307179586231995927,0)
k1x = (0.3141592653589793115997963,0)	k1y = (-0.6283185307179586231995927,0)	k1z = (-0.6283185307179586231995927,0)
spec_k = (0.942477796076937934799389,0)	spec_p = (0.942477796076937934799389,0)
total_P = (0,0)
sig_p = (0.2261270802409157676393647,-0)	cutoff = (0,0)	omega_p = (1.374141330467154809014119,0)
condition delta = 0
cutoff times constant = (-0,-0)
sum = (-82.44800098979270330801228,0)
analytical res = (25.05083206588410149606716,-0)

i = 93	nsq = 9	spec_p = (0.942477796076937934799389,0)	sig_p = (0.2261270802409157676393647,-0)	F2 = (0,0)
p1x = (0.3141592653589793115997963,0)	p1y = (-0.6283185307179586231995927,0)	p1z = (-0.3141592653589793115997963,0)
k1x = (0.3141592653589793115997963,0)	k1y = (-0.6283185307179586231995927,0)	k1z = (-0.3141592653589793115997963,0)
spec_k = (0.769529898097118469912914,0)	spec_p = (0.769529898097118469912914,0)
total_P = (0,0)
sig_p = (0.2976777941538739646887279,-0)	cutoff = (0,0)	omega_p = (1.261814671045380364944322,0)
condition delta = 0
cutoff times constant = (-0,-0)
sum = (-6.985394748861694758090835,0)
analytical res = (37.3555210110190358818727,-0)

i = 94	nsq = 6	spec_p = (0.769529898097118469912914,0)	sig_p = (0.2976777941538739646887279,-0)	F2 = (0,0)
p1x = (0.3141592653589793115997963,0)	p1y = (-0.6283185307179586231995927,0)	p1z = (0,0)
k1x = (0.3141592653589793115997963,0)	k1y = (-0.6283185307179586231995927,0)	k1z = (0,0)
spec_k = (0.7024814731040726067945457,0)	spec_p = (0.7024814731040726067945457,0)
total_P = (0,0)
sig_p = (0.3229881148638811261264436,-0)	cutoff = (0,0)	omega_p = (1.222080283800728084386833,0)
condition delta = 0
cutoff times constant = (-0,-0)
sum = (-4.758368655025032367689164,0)
analytical res = (37.70897643971546386865157,-0)

i = 95	nsq = 5	spec_p = (0.7024814731040726067945457,0)	sig_p = (0.3229881148638811261264436,-0)	F2 = (0,0)
p1x = (0.3141592653589793115997963,0)	p1y = (-0.6283185307179586231995927,0)	p1z = (0.3141592653589793115997963,0)
k1x = (0.3141592653589793115997963,0)	k1y = (-0.6283185307179586231995927,0)	k1z = (0.3141592653589793115997963,0)
spec_k = (0.769529898097118469912914,0)	spec_p = (0.769529898097118469912914,0)
total_P = (0,0)
sig_p = (0.2976777941538739646887279,-0)	cutoff = (0,0)	omega_p = (1.261814671045380364944322,0)
condition delta = 0
cutoff times constant = (-0,-0)
sum = (-6.985394748861695646269254,0)
analytical res = (37.3555210110190358818727,-0)

i = 96	nsq = 6	spec_p = (0.769529898097118469912914,0)	sig_p = (0.2976777941538739646887279,-0)	F2 = (0,0)
p1x = (0.3141592653589793115997963,0)	p1y = (-0.6283185307179586231995927,0)	p1z = (0.6283185307179586231995927,0)
k1x = (0.3141592653589793115997963,0)	k1y = (-0.6283185307179586231995927,0)	k1z = (0.6283185307179586231995927,0)
spec_k = (0.942477796076937934799389,0)	spec_p = (0.942477796076937934799389,0)
total_P = (0,0)
sig_p = (0.2261270802409157676393647,-0)	cutoff = (0,0)	omega_p = (1.374141330467154809014119,0)
condition delta = 0
cutoff times constant = (-0,-0)
sum = (-82.44800098979268909715756,0)
analytical res = (25.05083206588410149606716,-0)

i = 97	nsq = 9	spec_p = (0.942477796076937934799389,0)	sig_p = (0.2261270802409157676393647,-0)	F2 = (0,0)
p1x = (0.3141592653589793115997963,0)	p1y = (-0.3141592653589793115997963,0)	p1z = (-0.6283185307179586231995927,0)
k1x = (0.3141592653589793115997963,0)	k1y = (-0.3141592653589793115997963,0)	k1z = (-0.6283185307179586231995927,0)
spec_k = (0.7695298980971183588906115,0)	spec_p = (0.7695298980971183588906115,0)
total_P = (0,0)
sig_p = (0.2976777941538740757110304,-0)	cutoff = (0,0)	omega_p = (1.261814671045380364944322,0)
condition delta = 0
cutoff times constant = (-0,-0)
sum = (-6.985394748861674329987181,0)
analytical res = (37.35552101101905009272741,-0)

i = 98	nsq = 6	spec_p = (0.7695298980971183588906115,0)	sig_p = (0.2976777941538740757110304,-0)	F2 = (0,0)
p1x = (0.3141592653589793115997963,0)	p1y = (-0.3141592653589793115997963,0)	p1z = (-0.3141592653589793115997963,0)
k1x = (0.3141592653589793115997963,0)	k1y = (-0.3141592653589793115997963,0)	k1z = (-0.3141592653589793115997963,0)
spec_k = (0.5441398092702652844465661,0)	spec_p = (0.5441398092702652844465661,0)
total_P = (0,0)
sig_p = (0.3762540674953089858689737,-0)	cutoff = (0,0)	omega_p = (1.138458665052306972853557,0)
condition delta = 0
cutoff times constant = (-0,-0)
sum = (-2.600663963482838791918539,0)
analytical res = (35.90327010538115359850053,-0)

i = 99	nsq = 3	spec_p = (0.5441398092702652844465661,0)	sig_p = (0.3762540674953089858689737,-0)	F2 = (0,0)
p1x = (0.3141592653589793115997963,0)	p1y = (-0.3141592653589793115997963,0)	p1z = (0,0)
k1x = (0.3141592653589793115997963,0)	k1y = (-0.3141592653589793115997963,0)	k1z = (0,0)
spec_k = (0.444288293815836621281079,0)	spec_p = (0.444288293815836621281079,0)
total_P = (0,0)
sig_p = (0.4044118216962533929326185,-0)	cutoff = (0,0)	omega_p = (1.094254124059757415921013,0)
condition delta = 0
cutoff times constant = (-0,-0)
sum = (-2.030538629701468700261557,0)
analytical res = (34.20063541544345042666464,-0)

i = 100	nsq = 2	spec_p = (0.444288293815836621281079,0)	sig_p = (0.4044118216962533929326185,-0)	F2 = (0,0)
p1x = (0.3141592653589793115997963,0)	p1y = (-0.3141592653589793115997963,0)	p1z = (0.3141592653589793115997963,0)
k1x = (0.3141592653589793115997963,0)	k1y = (-0.3141592653589793115997963,0)	k1z = (0.3141592653589793115997963,0)
spec_k = (0.5441398092702652844465661,0)	spec_p = (0.5441398092702652844465661,0)
total_P = (0,0)
sig_p = (0.3762540674953089858689737,-0)	cutoff = (0,0)	omega_p = (1.138458665052306972853557,0)
condition delta = 0
cutoff times constant = (-0,-0)
sum = (-2.600663963482838791918539,0)
analytical res = (35.90327010538115359850053,-0)

i = 101	nsq = 3	spec_p = (0.5441398092702652844465661,0)	sig_p = (0.3762540674953089858689737,-0)	F2 = (0,0)
p1x = (0.3141592653589793115997963,0)	p1y = (-0.3141592653589793115997963,0)	p1z = (0.6283185307179586231995927,0)
k1x = (0.3141592653589793115997963,0)	k1y = (-0.3141592653589793115997963,0)	k1z = (0.6283185307179586231995927,0)
spec_k = (0.7695298980971183588906115,0)	spec_p = (0.7695298980971183588906115,0)
total_P = (0,0)
sig_p = (0.2976777941538740757110304,-0)	cutoff = (0,0)	omega_p = (1.261814671045380364944322,0)
condition delta = 0
cutoff times constant = (-0,-0)
sum = (-6.985394748861676106344021,0)
analytical res = (37.35552101101905009272741,-0)

i = 102	nsq = 6	spec_p = (0.7695298980971183588906115,0)	sig_p = (0.2976777941538740757110304,-0)	F2 = (0,0)
p1x = (0.3141592653589793115997963,0)	p1y = (0,0)	p1z = (-0.942477796076937934799389,0)
k1x = (0.3141592653589793115997963,0)	k1y = (0,0)	k1z = (-0.942477796076937934799389,0)
spec_k = (0.9934588265796100436944016,0)	spec_p = (0.9934588265796100436944016,0)
total_P = (0,0)
sig_p = (0.2035429877050614067002243,-0)	cutoff = (0,0)	omega_p = (1.409595842824792111258603,0)
condition delta = 0
cutoff times constant = (-0,-0)
sum = (-152.459434262525320491477,0)
analytical res = (13.04183474385140151241558,-0)

i = 103	nsq = 10	spec_p = (0.9934588265796100436944016,0)	sig_p = (0.2035429877050614067002243,-0)	F2 = (0,0)
p1x = (0.3141592653589793115997963,0)	p1y = (0,0)	p1z = (-0.6283185307179586231995927,0)
k1x = (0.3141592653589793115997963,0)	k1y = (0,0)	k1z = (-0.6283185307179586231995927,0)
spec_k = (0.7024814731040726067945457,0)	spec_p = (0.7024814731040726067945457,0)
total_P = (0,0)
sig_p = (0.3229881148638811261264436,-0)	cutoff = (0,0)	omega_p = (1.222080283800728084386833,0)
condition delta = 0
cutoff times constant = (-0,-0)
sum = (-4.758368655025031479510744,0)
analytical res = (37.70897643971546386865157,-0)

i = 104	nsq = 5	spec_p = (0.7024814731040726067945457,0)	sig_p = (0.3229881148638811261264436,-0)	F2 = (0,0)
p1x = (0.3141592653589793115997963,0)	p1y = (0,0)	p1z = (-0.3141592653589793115997963,0)
k1x = (0.3141592653589793115997963,0)	k1y = (0,0)	k1z = (-0.3141592653589793115997963,0)
spec_k = (0.444288293815836621281079,0)	spec_p = (0.444288293815836621281079,0)
total_P = (0,0)
sig_p = (0.4044118216962533929326185,-0)	cutoff = (0,0)	omega_p = (1.094254124059757415921013,0)
condition delta = 0
cutoff times constant = (-0,-0)
sum = (-2.030538629701470032529187,0)
analytical res = (34.20063541544345042666464,-0)

i = 105	nsq = 2	spec_p = (0.444288293815836621281079,0)	sig_p = (0.4044118216962533929326185,-0)	F2 = (0,0)
p1x = (0.3141592653589793115997963,0)	p1y = (0,0)	p1z = (0,0)
k1x = (0.3141592653589793115997963,0)	k1y = (0,0)	k1z = (0,0)
spec_k = (0.3141592653589793115997963,0)	spec_p = (0.3141592653589793115997963,0)
total_P = (0,0)
sig_p = (0.4337560012924442931492308,-0)	cutoff = (0,0)	omega_p = (1.04818702720978840225996,0)
condition delta = 0
cutoff times constant = (-0,-0)
sum = (-1.619737084399944793133841,0)
analytical res = (32.14961926846515893885226,-0)

i = 106	nsq = 1	spec_p = (0.3141592653589793115997963,0)	sig_p = (0.4337560012924442931492308,-0)	F2 = (0,0)
p1x = (0.3141592653589793115997963,0)	p1y = (0,0)	p1z = (0.3141592653589793115997963,0)
k1x = (0.3141592653589793115997963,0)	k1y = (0,0)	k1z = (0.3141592653589793115997963,0)
spec_k = (0.444288293815836621281079,0)	spec_p = (0.444288293815836621281079,0)
total_P = (0,0)
sig_p = (0.4044118216962533929326185,-0)	cutoff = (0,0)	omega_p = (1.094254124059757415921013,0)
condition delta = 0
cutoff times constant = (-0,-0)
sum = (-2.030538629701470032529187,0)
analytical res = (34.20063541544345042666464,-0)

i = 107	nsq = 2	spec_p = (0.444288293815836621281079,0)	sig_p = (0.4044118216962533929326185,-0)	F2 = (0,0)
p1x = (0.3141592653589793115997963,0)	p1y = (0,0)	p1z = (0.6283185307179586231995927,0)
k1x = (0.3141592653589793115997963,0)	k1y = (0,0)	k1z = (0.6283185307179586231995927,0)
spec_k = (0.7024814731040726067945457,0)	spec_p = (0.7024814731040726067945457,0)
total_P = (0,0)
sig_p = (0.3229881148638811261264436,-0)	cutoff = (0,0)	omega_p = (1.222080283800728084386833,0)
condition delta = 0
cutoff times constant = (-0,-0)
sum = (-4.758368655025030591332325,0)
analytical res = (37.70897643971546386865157,-0)

i = 108	nsq = 5	spec_p = (0.7024814731040726067945457,0)	sig_p = (0.3229881148638811261264436,-0)	F2 = (0,0)
p1x = (0.3141592653589793115997963,0)	p1y = (0,0)	p1z = (0.942477796076937934799389,0)
k1x = (0.3141592653589793115997963,0)	k1y = (0,0)	k1z = (0.942477796076937934799389,0)
spec_k = (0.9934588265796100436944016,0)	spec_p = (0.9934588265796100436944016,0)
total_P = (0,0)
sig_p = (0.2035429877050614067002243,-0)	cutoff = (0,0)	omega_p = (1.409595842824792111258603,0)
condition delta = 0
cutoff times constant = (-0,-0)
sum = (-152.4594342625252636480582,0)
analytical res = (13.04183474385140151241558,-0)

i = 109	nsq = 10	spec_p = (0.9934588265796100436944016,0)	sig_p = (0.2035429877050614067002243,-0)	F2 = (0,0)
p1x = (0.3141592653589793115997963,0)	p1y = (0.3141592653589793115997963,0)	p1z = (-0.6283185307179586231995927,0)
k1x = (0.3141592653589793115997963,0)	k1y = (0.3141592653589793115997963,0)	k1z = (-0.6283185307179586231995927,0)
spec_k = (0.7695298980971183588906115,0)	spec_p = (0.7695298980971183588906115,0)
total_P = (0,0)
sig_p = (0.2976777941538740757110304,-0)	cutoff = (0,0)	omega_p = (1.261814671045380364944322,0)
condition delta = 0
cutoff times constant = (-0,-0)
sum = (-6.985394748861680547236119,0)
analytical res = (37.35552101101905009272741,-0)

i = 110	nsq = 6	spec_p = (0.7695298980971183588906115,0)	sig_p = (0.2976777941538740757110304,-0)	F2 = (0,0)
p1x = (0.3141592653589793115997963,0)	p1y = (0.3141592653589793115997963,0)	p1z = (-0.3141592653589793115997963,0)
k1x = (0.3141592653589793115997963,0)	k1y = (0.3141592653589793115997963,0)	k1z = (-0.3141592653589793115997963,0)
spec_k = (0.5441398092702652844465661,0)	spec_p = (0.5441398092702652844465661,0)
total_P = (0,0)
sig_p = (0.3762540674953089858689737,-0)	cutoff = (0,0)	omega_p = (1.138458665052306972853557,0)
condition delta = 0
cutoff times constant = (-0,-0)
sum = (-2.600663963482837459650909,0)
analytical res = (35.90327010538115359850053,-0)

i = 111	nsq = 3	spec_p = (0.5441398092702652844465661,0)	sig_p = (0.3762540674953089858689737,-0)	F2 = (0,0)
p1x = (0.3141592653589793115997963,0)	p1y = (0.3141592653589793115997963,0)	p1z = (0,0)
k1x = (0.3141592653589793115997963,0)	k1y = (0.3141592653589793115997963,0)	k1z = (0,0)
spec_k = (0.444288293815836621281079,0)	spec_p = (0.444288293815836621281079,0)
total_P = (0,0)
sig_p = (0.4044118216962533929326185,-0)	cutoff = (0,0)	omega_p = (1.094254124059757415921013,0)
condition delta = 0
cutoff times constant = (-0,-0)
sum = (-2.030538629701470920707607,0)
analytical res = (34.20063541544345042666464,-0)

i = 112	nsq = 2	spec_p = (0.444288293815836621281079,0)	sig_p = (0.4044118216962533929326185,-0)	F2 = (0,0)
p1x = (0.3141592653589793115997963,0)	p1y = (0.3141592653589793115997963,0)	p1z = (0.3141592653589793115997963,0)
k1x = (0.3141592653589793115997963,0)	k1y = (0.3141592653589793115997963,0)	k1z = (0.3141592653589793115997963,0)
spec_k = (0.5441398092702652844465661,0)	spec_p = (0.5441398092702652844465661,0)
total_P = (0,0)
sig_p = (0.3762540674953089858689737,0)	cutoff = (0,0)	omega_p = (1.138458665052306972853557,0)
condition delta = 0
cutoff times constant = (-0,-0)
sum = (-2.60066396348283657147249,0)
analytical res = (35.90327010538115359850053,-0)

i = 113	nsq = 3	spec_p = (0.5441398092702652844465661,0)	sig_p = (0.3762540674953089858689737,0)	F2 = (0,0)
p1x = (0.3141592653589793115997963,0)	p1y = (0.3141592653589793115997963,0)	p1z = (0.6283185307179586231995927,0)
k1x = (0.3141592653589793115997963,0)	k1y = (0.3141592653589793115997963,0)	k1z = (0.6283185307179586231995927,0)
spec_k = (0.7695298980971183588906115,0)	spec_p = (0.7695298980971183588906115,0)
total_P = (0,0)
sig_p = (0.2976777941538740757110304,0)	cutoff = (0,0)	omega_p = (1.261814671045380364944322,0)
condition delta = 0
cutoff times constant = (-0,-0)
sum = (-6.98539474886167788270086,0)
analytical res = (37.35552101101905009272741,-0)

i = 114	nsq = 6	spec_p = (0.7695298980971183588906115,0)	sig_p = (0.2976777941538740757110304,0)	F2 = (0,0)
p1x = (0.3141592653589793115997963,0)	p1y = (0.6283185307179586231995927,0)	p1z = (-0.6283185307179586231995927,0)
k1x = (0.3141592653589793115997963,0)	k1y = (0.6283185307179586231995927,0)	k1z = (-0.6283185307179586231995927,0)
spec_k = (0.942477796076937934799389,0)	spec_p = (0.942477796076937934799389,0)
total_P = (0,0)
sig_p = (0.2261270802409157676393647,-0)	cutoff = (0,0)	omega_p = (1.374141330467154809014119,0)
condition delta = 0
cutoff times constant = (-0,-0)
sum = (-82.44800098979271751886699,0)
analytical res = (25.05083206588410149606716,-0)

i = 115	nsq = 9	spec_p = (0.942477796076937934799389,0)	sig_p = (0.2261270802409157676393647,-0)	F2 = (0,0)
p1x = (0.3141592653589793115997963,0)	p1y = (0.6283185307179586231995927,0)	p1z = (-0.3141592653589793115997963,0)
k1x = (0.3141592653589793115997963,0)	k1y = (0.6283185307179586231995927,0)	k1z = (-0.3141592653589793115997963,0)
spec_k = (0.769529898097118469912914,0)	spec_p = (0.769529898097118469912914,0)
total_P = (0,0)
sig_p = (0.2976777941538739646887279,-0)	cutoff = (0,0)	omega_p = (1.261814671045380364944322,0)
condition delta = 0
cutoff times constant = (-0,-0)
sum = (-6.985394748861694758090835,0)
analytical res = (37.3555210110190358818727,-0)

i = 116	nsq = 6	spec_p = (0.769529898097118469912914,0)	sig_p = (0.2976777941538739646887279,-0)	F2 = (0,0)
p1x = (0.3141592653589793115997963,0)	p1y = (0.6283185307179586231995927,0)	p1z = (0,0)
k1x = (0.3141592653589793115997963,0)	k1y = (0.6283185307179586231995927,0)	k1z = (0,0)
spec_k = (0.7024814731040726067945457,0)	spec_p = (0.7024814731040726067945457,0)
total_P = (0,0)
sig_p = (0.3229881148638811261264436,-0)	cutoff = (0,0)	omega_p = (1.222080283800728084386833,0)
condition delta = 0
cutoff times constant = (-0,-0)
sum = (-4.758368655025029703153905,0)
analytical res = (37.70897643971546386865157,-0)

i = 117	nsq = 5	spec_p = (0.7024814731040726067945457,0)	sig_p = (0.3229881148638811261264436,-0)	F2 = (0,0)
p1x = (0.3141592653589793115997963,0)	p1y = (0.6283185307179586231995927,0)	p1z = (0.3141592653589793115997963,0)
k1x = (0.3141592653589793115997963,0)	k1y = (0.6283185307179586231995927,0)	k1z = (0.3141592653589793115997963,0)
spec_k = (0.769529898097118469912914,0)	spec_p = (0.769529898097118469912914,0)
total_P = (0,0)
sig_p = (0.2976777941538739646887279,0)	cutoff = (0,0)	omega_p = (1.261814671045380364944322,0)
condition delta = 0
cutoff times constant = (-0,-0)
sum = (-6.985394748861692981733995,0)
analytical res = (37.3555210110190358818727,-0)

i = 118	nsq = 6	spec_p = (0.769529898097118469912914,0)	sig_p = (0.2976777941538739646887279,0)	F2 = (0,0)
p1x = (0.3141592653589793115997963,0)	p1y = (0.6283185307179586231995927,0)	p1z = (0.6283185307179586231995927,0)
k1x = (0.3141592653589793115997963,0)	k1y = (0.6283185307179586231995927,0)	k1z = (0.6283185307179586231995927,0)
spec_k = (0.942477796076937934799389,0)	spec_p = (0.942477796076937934799389,0)
total_P = (0,0)
sig_p = (0.2261270802409157676393647,0)	cutoff = (0,0)	omega_p = (1.374141330467154809014119,0)
condition delta = 0
cutoff times constant = (-0,-0)
sum = (-82.44800098979270330801228,0)
analytical res = (25.05083206588410149606716,-0)

i = 119	nsq = 9	spec_p = (0.942477796076937934799389,0)	sig_p = (0.2261270802409157676393647,0)	F2 = (0,0)
p1x = (0.3141592653589793115997963,0)	p1y = (0.942477796076937934799389,0)	p1z = (0,0)
k1x = (0.3141592653589793115997963,0)	k1y = (0.942477796076937934799389,0)	k1z = (0,0)
spec_k = (0.9934588265796100436944016,0)	spec_p = (0.9934588265796100436944016,0)
total_P = (0,0)
sig_p = (0.2035429877050614067002243,-0)	cutoff = (0,0)	omega_p = (1.409595842824792111258603,0)
condition delta = 0
cutoff times constant = (-0,-0)
sum = (-152.459434262525519443443,0)
analytical res = (13.04183474385140151241558,-0)

i = 120	nsq = 10	spec_p = (0.9934588265796100436944016,0)	sig_p = (0.2035429877050614067002243,-0)	F2 = (0,0)
p1x = (0.6283185307179586231995927,0)	p1y = (-0.6283185307179586231995927,0)	p1z = (-0.3141592653589793115997963,0)
k1x = (0.6283185307179586231995927,0)	k1y = (-0.6283185307179586231995927,0)	k1z = (-0.3141592653589793115997963,0)
spec_k = (0.942477796076937934799389,0)	spec_p = (0.942477796076937934799389,0)
total_P = (0,0)
sig_p = (0.2261270802409157676393647,-0)	cutoff = (0,0)	omega_p = (1.374141330467154809014119,0)
condition delta = 0
cutoff times constant = (-0,-0)
sum = (-82.44800098979270330801228,0)
analytical res = (25.05083206588410149606716,-0)

i = 121	nsq = 9	spec_p = (0.942477796076937934799389,0)	sig_p = (0.2261270802409157676393647,-0)	F2 = (0,0)
p1x = (0.6283185307179586231995927,0)	p1y = (-0.6283185307179586231995927,0)	p1z = (0,0)
k1x = (0.6283185307179586231995927,0)	k1y = (-0.6283185307179586231995927,0)	k1z = (0,0)
spec_k = (0.8885765876316732425621581,0)	spec_p = (0.8885765876316732425621581,0)
total_P = (0,0)
sig_p = (0.2493095121306658779047893,-0)	cutoff = (0,0)	omega_p = (1.337747491900900032035793,0)
condition delta = 0
cutoff times constant = (-0,-0)
sum = (52.63774504993094893734451,0)
analytical res = (31.92423121731886226370989,-0)

i = 122	nsq = 8	spec_p = (0.8885765876316732425621581,0)	sig_p = (0.2493095121306658779047893,-0)	F2 = (0,0)
p1x = (0.6283185307179586231995927,0)	p1y = (-0.6283185307179586231995927,0)	p1z = (0.3141592653589793115997963,0)
k1x = (0.6283185307179586231995927,0)	k1y = (-0.6283185307179586231995927,0)	k1z = (0.3141592653589793115997963,0)
spec_k = (0.942477796076937934799389,0)	spec_p = (0.942477796076937934799389,0)
total_P = (0,0)
sig_p = (0.2261270802409157676393647,-0)	cutoff = (0,0)	omega_p = (1.374141330467154809014119,0)
condition delta = 0
cutoff times constant = (-0,-0)
sum = (-82.44800098979271751886699,0)
analytical res = (25.05083206588410149606716,-0)

i = 123	nsq = 9	spec_p = (0.942477796076937934799389,0)	sig_p = (0.2261270802409157676393647,-0)	F2 = (0,0)
p1x = (0.6283185307179586231995927,0)	p1y = (-0.3141592653589793115997963,0)	p1z = (-0.6283185307179586231995927,0)
k1x = (0.6283185307179586231995927,0)	k1y = (-0.3141592653589793115997963,0)	k1z = (-0.6283185307179586231995927,0)
spec_k = (0.942477796076937934799389,0)	spec_p = (0.942477796076937934799389,0)
total_P = (0,0)
sig_p = (0.2261270802409157676393647,-0)	cutoff = (0,0)	omega_p = (1.374141330467154809014119,0)
condition delta = 0
cutoff times constant = (-0,-0)
sum = (-82.44800098979270330801228,0)
analytical res = (25.05083206588410149606716,-0)

i = 124	nsq = 9	spec_p = (0.942477796076937934799389,0)	sig_p = (0.2261270802409157676393647,-0)	F2 = (0,0)
p1x = (0.6283185307179586231995927,0)	p1y = (-0.3141592653589793115997963,0)	p1z = (-0.3141592653589793115997963,0)
k1x = (0.6283185307179586231995927,0)	k1y = (-0.3141592653589793115997963,0)	k1z = (-0.3141592653589793115997963,0)
spec_k = (0.769529898097118469912914,0)	spec_p = (0.769529898097118469912914,0)
total_P = (0,0)
sig_p = (0.2976777941538739646887279,-0)	cutoff = (0,0)	omega_p = (1.261814671045380364944322,0)
condition delta = 0
cutoff times constant = (-0,-0)
sum = (-6.985394748861687652663477,0)
analytical res = (37.3555210110190358818727,-0)

i = 125	nsq = 6	spec_p = (0.769529898097118469912914,0)	sig_p = (0.2976777941538739646887279,-0)	F2 = (0,0)
p1x = (0.6283185307179586231995927,0)	p1y = (-0.3141592653589793115997963,0)	p1z = (0,0)
k1x = (0.6283185307179586231995927,0)	k1y = (-0.3141592653589793115997963,0)	k1z = (0,0)
spec_k = (0.7024814731040726067945457,0)	spec_p = (0.7024814731040726067945457,0)
total_P = (0,0)
sig_p = (0.3229881148638811261264436,-0)	cutoff = (0,0)	omega_p = (1.222080283800728084386833,0)
condition delta = 0
cutoff times constant = (-0,-0)
sum = (-4.758368655025001281444474,0)
analytical res = (37.70897643971546386865157,-0)

i = 126	nsq = 5	spec_p = (0.7024814731040726067945457,0)	sig_p = (0.3229881148638811261264436,-0)	F2 = (0,0)
p1x = (0.6283185307179586231995927,0)	p1y = (-0.3141592653589793115997963,0)	p1z = (0.3141592653589793115997963,0)
k1x = (0.6283185307179586231995927,0)	k1y = (-0.3141592653589793115997963,0)	k1z = (0.3141592653589793115997963,0)
spec_k = (0.769529898097118469912914,0)	spec_p = (0.769529898097118469912914,0)
total_P = (0,0)
sig_p = (0.2976777941538739646887279,-0)	cutoff = (0,0)	omega_p = (1.261814671045380364944322,0)
condition delta = 0
cutoff times constant = (-0,-0)
sum = (-6.985394748861685876306638,0)
analytical res = (37.3555210110190358818727,-0)

i = 127	nsq = 6	spec_p = (0.769529898097118469912914,0)	sig_p = (0.2976777941538739646887279,-0)	F2 = (0,0)
p1x = (0.6283185307179586231995927,0)	p1y = (-0.3141592653589793115997963,0)	p1z = (0.6283185307179586231995927,0)
k1x = (0.6283185307179586231995927,0)	k1y = (-0.3141592653589793115997963,0)	k1z = (0.6283185307179586231995927,0)
spec_k = (0.942477796076937934799389,0)	spec_p = (0.942477796076937934799389,0)
total_P = (0,0)
sig_p = (0.2261270802409157676393647,-0)	cutoff = (0,0)	omega_p = (1.374141330467154809014119,0)
condition delta = 0
cutoff times constant = (-0,-0)
sum = (-82.44800098979270330801228,0)
analytical res = (25.05083206588410149606716,-0)

i = 128	nsq = 9	spec_p = (0.942477796076937934799389,0)	sig_p = (0.2261270802409157676393647,-0)	F2 = (0,0)
p1x = (0.6283185307179586231995927,0)	p1y = (0,0)	p1z = (-0.6283185307179586231995927,0)
k1x = (0.6283185307179586231995927,0)	k1y = (0,0)	k1z = (-0.6283185307179586231995927,0)
spec_k = (0.8885765876316732425621581,0)	spec_p = (0.8885765876316732425621581,0)
total_P = (0,0)
sig_p = (0.2493095121306658779047893,-0)	cutoff = (0,0)	omega_p = (1.337747491900900032035793,0)
condition delta = 0
cutoff times constant = (-0,-0)
sum = (52.63774504993091341020772,0)
analytical res = (31.92423121731886226370989,-0)

i = 129	nsq = 8	spec_p = (0.8885765876316732425621581,0)	sig_p = (0.2493095121306658779047893,-0)	F2 = (0,0)
p1x = (0.6283185307179586231995927,0)	p1y = (0,0)	p1z = (-0.3141592653589793115997963,0)
k1x = (0.6283185307179586231995927,0)	k1y = (0,0)	k1z = (-0.3141592653589793115997963,0)
spec_k = (0.7024814731040726067945457,0)	spec_p = (0.7024814731040726067945457,0)
total_P = (0,0)
sig_p = (0.3229881148638811261264436,-0)	cutoff = (0,0)	omega_p = (1.222080283800728084386833,0)
condition delta = 0
cutoff times constant = (-0,-0)
sum = (-4.758368655025006610514993,0)
analytical res = (37.70897643971546386865157,-0)

i = 130	nsq = 5	spec_p = (0.7024814731040726067945457,0)	sig_p = (0.3229881148638811261264436,-0)	F2 = (0,0)
p1x = (0.6283185307179586231995927,0)	p1y = (0,0)	p1z = (0,0)
k1x = (0.6283185307179586231995927,0)	k1y = (0,0)	k1z = (0,0)
spec_k = (0.6283185307179586231995927,0)	spec_p = (0.6283185307179586231995927,0)
total_P = (0,0)
sig_p = (0.3491495051617087286288665,-0)	cutoff = (0,0)	omega_p = (1.181009812001396763747607,0)
condition delta = 0
cutoff times constant = (-0,-0)
sum = (-3.454085527263664801012055,0)
analytical res = (37.13359193683803738395,-0)

i = 131	nsq = 4	spec_p = (0.6283185307179586231995927,0)	sig_p = (0.3491495051617087286288665,-0)	F2 = (0,0)
p1x = (0.6283185307179586231995927,0)	p1y = (0,0)	p1z = (0.3141592653589793115997963,0)
k1x = (0.6283185307179586231995927,0)	k1y = (0,0)	k1z = (0.3141592653589793115997963,0)
spec_k = (0.7024814731040726067945457,0)	spec_p = (0.7024814731040726067945457,0)
total_P = (0,0)
sig_p = (0.3229881148638811261264436,-0)	cutoff = (0,0)	omega_p = (1.222080283800728084386833,0)
condition delta = 0
cutoff times constant = (-0,-0)
sum = (-4.758368655025008386871832,0)
analytical res = (37.70897643971546386865157,-0)

i = 132	nsq = 5	spec_p = (0.7024814731040726067945457,0)	sig_p = (0.3229881148638811261264436,-0)	F2 = (0,0)
p1x = (0.6283185307179586231995927,0)	p1y = (0,0)	p1z = (0.6283185307179586231995927,0)
k1x = (0.6283185307179586231995927,0)	k1y = (0,0)	k1z = (0.6283185307179586231995927,0)
spec_k = (0.8885765876316732425621581,0)	spec_p = (0.8885765876316732425621581,0)
total_P = (0,0)
sig_p = (0.2493095121306658779047893,-0)	cutoff = (0,0)	omega_p = (1.337747491900900032035793,0)
condition delta = 0
cutoff times constant = (-0,-0)
sum = (52.63774504993090630478036,0)
analytical res = (31.92423121731886226370989,-0)

i = 133	nsq = 8	spec_p = (0.8885765876316732425621581,0)	sig_p = (0.2493095121306658779047893,-0)	F2 = (0,0)
p1x = (0.6283185307179586231995927,0)	p1y = (0.3141592653589793115997963,0)	p1z = (-0.6283185307179586231995927,0)
k1x = (0.6283185307179586231995927,0)	k1y = (0.3141592653589793115997963,0)	k1z = (-0.6283185307179586231995927,0)
spec_k = (0.942477796076937934799389,0)	spec_p = (0.942477796076937934799389,0)
total_P = (0,0)
sig_p = (0.2261270802409157676393647,-0)	cutoff = (0,0)	omega_p = (1.374141330467154809014119,0)
condition delta = 0
cutoff times constant = (-0,-0)
sum = (-82.44800098979266067544813,0)
analytical res = (25.05083206588410149606716,-0)

i = 134	nsq = 9	spec_p = (0.942477796076937934799389,0)	sig_p = (0.2261270802409157676393647,-0)	F2 = (0,0)
p1x = (0.6283185307179586231995927,0)	p1y = (0.3141592653589793115997963,0)	p1z = (-0.3141592653589793115997963,0)
k1x = (0.6283185307179586231995927,0)	k1y = (0.3141592653589793115997963,0)	k1z = (-0.3141592653589793115997963,0)
spec_k = (0.769529898097118469912914,0)	spec_p = (0.769529898097118469912914,0)
total_P = (0,0)
sig_p = (0.2976777941538739646887279,-0)	cutoff = (0,0)	omega_p = (1.261814671045380364944322,0)
condition delta = 0
cutoff times constant = (-0,-0)
sum = (-6.985394748861684099949798,0)
analytical res = (37.3555210110190358818727,-0)

i = 135	nsq = 6	spec_p = (0.769529898097118469912914,0)	sig_p = (0.2976777941538739646887279,-0)	F2 = (0,0)
p1x = (0.6283185307179586231995927,0)	p1y = (0.3141592653589793115997963,0)	p1z = (0,0)
k1x = (0.6283185307179586231995927,0)	k1y = (0.3141592653589793115997963,0)	k1z = (0,0)
spec_k = (0.7024814731040726067945457,0)	spec_p = (0.7024814731040726067945457,0)
total_P = (0,0)
sig_p = (0.3229881148638811261264436,-0)	cutoff = (0,0)	omega_p = (1.222080283800728084386833,0)
condition delta = 0
cutoff times constant = (-0,-0)
sum = (-4.758368655025010163228671,0)
analytical res = (37.70897643971546386865157,-0)

i = 136	nsq = 5	spec_p = (0.7024814731040726067945457,0)	sig_p = (0.3229881148638811261264436,-0)	F2 = (0,0)
p1x = (0.6283185307179586231995927,0)	p1y = (0.3141592653589793115997963,0)	p1z = (0.3141592653589793115997963,0)
k1x = (0.6283185307179586231995927,0)	k1y = (0.3141592653589793115997963,0)	k1z = (0.3141592653589793115997963,0)
spec_k = (0.769529898097118469912914,0)	spec_p = (0.769529898097118469912914,0)
total_P = (0,0)
sig_p = (0.2976777941538739646887279,0)	cutoff = (0,0)	omega_p = (1.261814671045380364944322,0)
condition delta = 0
cutoff times constant = (-0,-0)
sum = (-6.985394748861681435414539,0)
analytical res = (37.3555210110190358818727,-0)

i = 137	nsq = 6	spec_p = (0.769529898097118469912914,0)	sig_p = (0.2976777941538739646887279,0)	F2 = (0,0)
p1x = (0.6283185307179586231995927,0)	p1y = (0.3141592653589793115997963,0)	p1z = (0.6283185307179586231995927,0)
k1x = (0.6283185307179586231995927,0)	k1y = (0.3141592653589793115997963,0)	k1z = (0.6283185307179586231995927,0)
spec_k = (0.942477796076937934799389,0)	spec_p = (0.942477796076937934799389,0)
total_P = (0,0)
sig_p = (0.2261270802409157676393647,0)	cutoff = (0,0)	omega_p = (1.374141330467154809014119,0)
condition delta = 0
cutoff times constant = (-0,-0)
sum = (-82.44800098979264646459342,0)
analytical res = (25.05083206588410149606716,-0)

i = 138	nsq = 9	spec_p = (0.942477796076937934799389,0)	sig_p = (0.2261270802409157676393647,0)	F2 = (0,0)
p1x = (0.6283185307179586231995927,0)	p1y = (0.6283185307179586231995927,0)	p1z = (-0.3141592653589793115997963,0)
k1x = (0.6283185307179586231995927,0)	k1y = (0.6283185307179586231995927,0)	k1z = (-0.3141592653589793115997963,0)
spec_k = (0.942477796076937934799389,0)	spec_p = (0.942477796076937934799389,0)
total_P = (0,0)
sig_p = (0.2261270802409157676393647,-0)	cutoff = (0,0)	omega_p = (1.374141330467154809014119,0)
condition delta = 0
cutoff times constant = (-0,-0)
sum = (-82.44800098979264646459342,0)
analytical res = (25.05083206588410149606716,-0)

i = 139	nsq = 9	spec_p = (0.942477796076937934799389,0)	sig_p = (0.2261270802409157676393647,-0)	F2 = (0,0)
p1x = (0.6283185307179586231995927,0)	p1y = (0.6283185307179586231995927,0)	p1z = (0,0)
k1x = (0.6283185307179586231995927,0)	k1y = (0.6283185307179586231995927,0)	k1z = (0,0)
spec_k = (0.8885765876316732425621581,0)	spec_p = (0.8885765876316732425621581,0)
total_P = (0,0)
sig_p = (0.2493095121306658779047893,-0)	cutoff = (0,0)	omega_p = (1.337747491900900032035793,0)
condition delta = 0
cutoff times constant = (-0,-0)
sum = (52.63774504993087788307093,0)
analytical res = (31.92423121731886226370989,-0)

i = 140	nsq = 8	spec_p = (0.8885765876316732425621581,0)	sig_p = (0.2493095121306658779047893,-0)	F2 = (0,0)
p1x = (0.6283185307179586231995927,0)	p1y = (0.6283185307179586231995927,0)	p1z = (0.3141592653589793115997963,0)
k1x = (0.6283185307179586231995927,0)	k1y = (0.6283185307179586231995927,0)	k1z = (0.3141592653589793115997963,0)
spec_k = (0.942477796076937934799389,0)	spec_p = (0.942477796076937934799389,0)
total_P = (0,0)
sig_p = (0.2261270802409157676393647,0)	cutoff = (0,0)	omega_p = (1.374141330467154809014119,0)
condition delta = 0
cutoff times constant = (-0,-0)
sum = (-82.44800098979264646459342,0)
analytical res = (25.05083206588410149606716,-0)

i = 141	nsq = 9	spec_p = (0.942477796076937934799389,0)	sig_p = (0.2261270802409157676393647,0)	F2 = (0,0)
p1x = (0.942477796076937934799389,0)	p1y = (-0.3141592653589793115997963,0)	p1z = (0,0)
k1x = (0.942477796076937934799389,0)	k1y = (-0.3141592653589793115997963,0)	k1z = (0,0)
spec_k = (0.9934588265796100436944016,0)	spec_p = (0.9934588265796100436944016,0)
total_P = (0,0)
sig_p = (0.2035429877050614067002243,-0)	cutoff = (0,0)	omega_p = (1.409595842824792111258603,0)
condition delta = 0
cutoff times constant = (-0,-0)
sum = (-152.4594342625252352263487,0)
analytical res = (13.04183474385140151241558,-0)

i = 142	nsq = 10	spec_p = (0.9934588265796100436944016,0)	sig_p = (0.2035429877050614067002243,-0)	F2 = (0,0)
p1x = (0.942477796076937934799389,0)	p1y = (0,0)	p1z = (-0.3141592653589793115997963,0)
k1x = (0.942477796076937934799389,0)	k1y = (0,0)	k1z = (-0.3141592653589793115997963,0)
spec_k = (0.9934588265796100436944016,0)	spec_p = (0.9934588265796100436944016,0)
total_P = (0,0)
sig_p = (0.2035429877050614067002243,-0)	cutoff = (0,0)	omega_p = (1.409595842824792111258603,0)
condition delta = 0
cutoff times constant = (-0,-0)
sum = (-152.4594342625253773348959,0)
analytical res = (13.04183474385140151241558,-0)

i = 143	nsq = 10	spec_p = (0.9934588265796100436944016,0)	sig_p = (0.2035429877050614067002243,-0)	F2 = (0,0)
p1x = (0.942477796076937934799389,0)	p1y = (0,0)	p1z = (0,0)
k1x = (0.942477796076937934799389,0)	k1y = (0,0)	k1z = (0,0)
spec_k = (0.942477796076937934799389,0)	spec_p = (0.942477796076937934799389,0)
total_P = (0,0)
sig_p = (0.2261270802409157676393647,-0)	cutoff = (0,0)	omega_p = (1.374141330467154809014119,0)
condition delta = 0
cutoff times constant = (-0,-0)
sum = (0.4875921938958391321783381,0)
analytical res = (25.05083206588410149606716,-0)

i = 144	nsq = 9	spec_p = (0.942477796076937934799389,0)	sig_p = (0.2261270802409157676393647,-0)	F2 = (0,0)
p1x = (0.942477796076937934799389,0)	p1y = (0,0)	p1z = (0.3141592653589793115997963,0)
k1x = (0.942477796076937934799389,0)	k1y = (0,0)	k1z = (0.3141592653589793115997963,0)
spec_k = (0.9934588265796100436944016,0)	spec_p = (0.9934588265796100436944016,0)
total_P = (0,0)
sig_p = (0.2035429877050614067002243,-0)	cutoff = (0,0)	omega_p = (1.409595842824792111258603,0)
condition delta = 0
cutoff times constant = (-0,-0)
sum = (-152.4594342625253773348959,0)
analytical res = (13.04183474385140151241558,-0)

i = 145	nsq = 10	spec_p = (0.9934588265796100436944016,0)	sig_p = (0.2035429877050614067002243,-0)	F2 = (0,0)
p1x = (0.942477796076937934799389,0)	p1y = (0.3141592653589793115997963,0)	p1z = (0,0)
k1x = (0.942477796076937934799389,0)	k1y = (0.3141592653589793115997963,0)	k1z = (0,0)
spec_k = (0.9934588265796100436944016,0)	spec_p = (0.9934588265796100436944016,0)
total_P = (0,0)
sig_p = (0.2035429877050614067002243,-0)	cutoff = (0,0)	omega_p = (1.409595842824792111258603,0)
condition delta = 0
cutoff times constant = (-0,-0)
sum = (-152.4594342625254057566053,0)
analytical res = (13.04183474385140151241558,-0)

i = 146	nsq = 10	spec_p = (0.9934588265796100436944016,0)	sig_p = (0.2035429877050614067002243,-0)	F2 = (0,0)
